Jun 21, 2009 3:24:13 PM de.uni.bamberg.wiai.minf.forflow.datagenerator.controller.worker.LogWorker doInBackground
INFO: null
java.lang.Error: Application class de.uni.bamberg.wiai.minf.forflow.datagenerator.DataGenerator failed to launch
	at org.jdesktop.application.Application$1.run(Application.java:177)
	at java.awt.event.InvocationEvent.dispatch(Unknown Source)
	at java.awt.EventQueue.dispatchEvent(Unknown Source)
	at java.awt.EventDispatchThread.pumpOneEventForFilters(Unknown Source)
	at java.awt.EventDispatchThread.pumpEventsForFilter(Unknown Source)
	at java.awt.EventDispatchThread.pumpEventsForHierarchy(Unknown Source)
	at java.awt.EventDispatchThread.pumpEvents(Unknown Source)
	at java.awt.EventDispatchThread.pumpEvents(Unknown Source)
	at java.awt.EventDispatchThread.run(Unknown Source)
Caused by: java.lang.NullPointerException
	at de.uni.bamberg.wiai.minf.forflow.datagenerator.controller.datageneration.unit.Currency.notifyObserverUnit(Currency.java:131)
	at de.uni.bamberg.wiai.minf.forflow.datagenerator.controller.datageneration.unit.Currency.registerObserverUnit(Currency.java:147)
	at de.uni.bamberg.wiai.minf.forflow.datagenerator.controller.ControllerImpl.registerObserverUnit(ControllerImpl.java:879)
	at de.uni.bamberg.wiai.minf.forflow.datagenerator.view.DataGeneratorView.registerObservers(DataGeneratorView.java:830)
	at de.uni.bamberg.wiai.minf.forflow.datagenerator.view.DataGeneratorView.<init>(DataGeneratorView.java:205)
	at de.uni.bamberg.wiai.minf.forflow.datagenerator.DataGenerator.startup(DataGenerator.java:107)
	at org.jdesktop.application.Application$1.run(Application.java:171)
	... 8 more
Jun 21, 2009 3:24:19 PM de.uni.bamberg.wiai.minf.forflow.datagenerator.controller.worker.LogWorker doInBackground
INFO: null
java.lang.Error: Application class de.uni.bamberg.wiai.minf.forflow.datagenerator.DataGenerator failed to launch
	at org.jdesktop.application.Application$1.run(Application.java:177)
	at java.awt.event.InvocationEvent.dispatch(Unknown Source)
	at java.awt.EventQueue.dispatchEvent(Unknown Source)
	at java.awt.EventDispatchThread.pumpOneEventForFilters(Unknown Source)
	at java.awt.EventDispatchThread.pumpEventsForFilter(Unknown Source)
	at java.awt.EventDispatchThread.pumpEventsForHierarchy(Unknown Source)
	at java.awt.EventDispatchThread.pumpEvents(Unknown Source)
	at java.awt.EventDispatchThread.pumpEvents(Unknown Source)
	at java.awt.EventDispatchThread.run(Unknown Source)
Caused by: java.lang.NullPointerException
	at de.uni.bamberg.wiai.minf.forflow.datagenerator.controller.datageneration.unit.Currency.notifyObserverUnit(Currency.java:131)
	at de.uni.bamberg.wiai.minf.forflow.datagenerator.controller.datageneration.unit.Currency.registerObserverUnit(Currency.java:147)
	at de.uni.bamberg.wiai.minf.forflow.datagenerator.controller.ControllerImpl.registerObserverUnit(ControllerImpl.java:879)
	at de.uni.bamberg.wiai.minf.forflow.datagenerator.view.DataGeneratorView.registerObservers(DataGeneratorView.java:830)
	at de.uni.bamberg.wiai.minf.forflow.datagenerator.view.DataGeneratorView.<init>(DataGeneratorView.java:205)
	at de.uni.bamberg.wiai.minf.forflow.datagenerator.DataGenerator.startup(DataGenerator.java:107)
	at org.jdesktop.application.Application$1.run(Application.java:171)
	... 8 more
Jun 21, 2009 3:42:42 PM de.uni.bamberg.wiai.minf.forflow.datagenerator.controller.worker.LogWorker doInBackground
INFO: de.uni.bamberg.wiai.minf.forflow.datagenerator.controller.io.XMLStartup
org.xml.sax.SAXParseException: The element type "Time" must be terminated by the matching end-tag "</Time>".
	at com.sun.org.apache.xerces.internal.util.ErrorHandlerWrapper.createSAXParseException(Unknown Source)
	at com.sun.org.apache.xerces.internal.util.ErrorHandlerWrapper.fatalError(Unknown Source)
	at com.sun.org.apache.xerces.internal.impl.XMLErrorReporter.reportError(Unknown Source)
	at com.sun.org.apache.xerces.internal.impl.XMLScanner.reportFatalError(Unknown Source)
	at com.sun.org.apache.xerces.internal.impl.XMLDocumentFragmentScannerImpl.scanEndElement(Unknown Source)
	at com.sun.org.apache.xerces.internal.impl.XMLDocumentFragmentScannerImpl$FragmentContentDriver.next(Unknown Source)
	at com.sun.org.apache.xerces.internal.impl.XMLDocumentScannerImpl.next(Unknown Source)
	at com.sun.org.apache.xerces.internal.impl.XMLNSDocumentScannerImpl.next(Unknown Source)
	at com.sun.org.apache.xerces.internal.impl.XMLDocumentFragmentScannerImpl.scanDocument(Unknown Source)
	at com.sun.org.apache.xerces.internal.parsers.XML11Configuration.parse(Unknown Source)
	at com.sun.org.apache.xerces.internal.parsers.XML11Configuration.parse(Unknown Source)
	at com.sun.org.apache.xerces.internal.jaxp.validation.StreamValidatorHelper.validate(Unknown Source)
	at com.sun.org.apache.xerces.internal.jaxp.validation.ValidatorImpl.validate(Unknown Source)
	at javax.xml.validation.Validator.validate(Unknown Source)
	at de.uni.bamberg.wiai.minf.forflow.datagenerator.controller.io.XMLStartup.isValid(XMLStartup.java:462)
	at de.uni.bamberg.wiai.minf.forflow.datagenerator.controller.io.XMLStartup.loadStartUp(XMLStartup.java:105)
	at de.uni.bamberg.wiai.minf.forflow.datagenerator.controller.ControllerImpl.loadStartupFile(ControllerImpl.java:279)
	at de.uni.bamberg.wiai.minf.forflow.datagenerator.DataGenerator.initialize(DataGenerator.java:96)
	at org.jdesktop.application.Application$1.run(Application.java:170)
	at java.awt.event.InvocationEvent.dispatch(Unknown Source)
	at java.awt.EventQueue.dispatchEvent(Unknown Source)
	at java.awt.EventDispatchThread.pumpOneEventForFilters(Unknown Source)
	at java.awt.EventDispatchThread.pumpEventsForFilter(Unknown Source)
	at java.awt.EventDispatchThread.pumpEventsForHierarchy(Unknown Source)
	at java.awt.EventDispatchThread.pumpEvents(Unknown Source)
	at java.awt.EventDispatchThread.pumpEvents(Unknown Source)
	at java.awt.EventDispatchThread.run(Unknown Source)
Jun 21, 2009 3:47:29 PM de.uni.bamberg.wiai.minf.forflow.datagenerator.controller.worker.LogWorker doInBackground
INFO: de.uni.bamberg.wiai.minf.forflow.datagenerator.controller.io.XMLStartup
org.xml.sax.SAXParseException: cvc-complex-type.2.4.a: Invalid content was found starting with element 'Miscellaneous'. One of '{Type}' is expected.
	at com.sun.org.apache.xerces.internal.util.ErrorHandlerWrapper.createSAXParseException(Unknown Source)
	at com.sun.org.apache.xerces.internal.util.ErrorHandlerWrapper.error(Unknown Source)
	at com.sun.org.apache.xerces.internal.impl.XMLErrorReporter.reportError(Unknown Source)
	at com.sun.org.apache.xerces.internal.impl.XMLErrorReporter.reportError(Unknown Source)
	at com.sun.org.apache.xerces.internal.impl.xs.XMLSchemaValidator$XSIErrorReporter.reportError(Unknown Source)
	at com.sun.org.apache.xerces.internal.impl.xs.XMLSchemaValidator.reportSchemaError(Unknown Source)
	at com.sun.org.apache.xerces.internal.impl.xs.XMLSchemaValidator.handleStartElement(Unknown Source)
	at com.sun.org.apache.xerces.internal.impl.xs.XMLSchemaValidator.startElement(Unknown Source)
	at com.sun.org.apache.xerces.internal.impl.XMLNSDocumentScannerImpl.scanStartElement(Unknown Source)
	at com.sun.org.apache.xerces.internal.impl.XMLDocumentFragmentScannerImpl$FragmentContentDriver.next(Unknown Source)
	at com.sun.org.apache.xerces.internal.impl.XMLDocumentScannerImpl.next(Unknown Source)
	at com.sun.org.apache.xerces.internal.impl.XMLNSDocumentScannerImpl.next(Unknown Source)
	at com.sun.org.apache.xerces.internal.impl.XMLDocumentFragmentScannerImpl.scanDocument(Unknown Source)
	at com.sun.org.apache.xerces.internal.parsers.XML11Configuration.parse(Unknown Source)
	at com.sun.org.apache.xerces.internal.parsers.XML11Configuration.parse(Unknown Source)
	at com.sun.org.apache.xerces.internal.jaxp.validation.StreamValidatorHelper.validate(Unknown Source)
	at com.sun.org.apache.xerces.internal.jaxp.validation.ValidatorImpl.validate(Unknown Source)
	at javax.xml.validation.Validator.validate(Unknown Source)
	at de.uni.bamberg.wiai.minf.forflow.datagenerator.controller.io.XMLStartup.isValid(XMLStartup.java:462)
	at de.uni.bamberg.wiai.minf.forflow.datagenerator.controller.io.XMLStartup.loadStartUp(XMLStartup.java:105)
	at de.uni.bamberg.wiai.minf.forflow.datagenerator.controller.ControllerImpl.loadStartupFile(ControllerImpl.java:279)
	at de.uni.bamberg.wiai.minf.forflow.datagenerator.DataGenerator.initialize(DataGenerator.java:96)
	at org.jdesktop.application.Application$1.run(Application.java:170)
	at java.awt.event.InvocationEvent.dispatch(Unknown Source)
	at java.awt.EventQueue.dispatchEvent(Unknown Source)
	at java.awt.EventDispatchThread.pumpOneEventForFilters(Unknown Source)
	at java.awt.EventDispatchThread.pumpEventsForFilter(Unknown Source)
	at java.awt.EventDispatchThread.pumpEventsForHierarchy(Unknown Source)
	at java.awt.EventDispatchThread.pumpEvents(Unknown Source)
	at java.awt.EventDispatchThread.pumpEvents(Unknown Source)
	at java.awt.EventDispatchThread.run(Unknown Source)
Jun 21, 2009 4:08:04 PM de.uni.bamberg.wiai.minf.forflow.datagenerator.controller.worker.LogWorker doInBackground
INFO: null
java.lang.Error: Application class de.uni.bamberg.wiai.minf.forflow.datagenerator.DataGenerator failed to launch
	at org.jdesktop.application.Application$1.run(Application.java:177)
	at java.awt.event.InvocationEvent.dispatch(Unknown Source)
	at java.awt.EventQueue.dispatchEvent(Unknown Source)
	at java.awt.EventDispatchThread.pumpOneEventForFilters(Unknown Source)
	at java.awt.EventDispatchThread.pumpEventsForFilter(Unknown Source)
	at java.awt.EventDispatchThread.pumpEventsForHierarchy(Unknown Source)
	at java.awt.EventDispatchThread.pumpEvents(Unknown Source)
	at java.awt.EventDispatchThread.pumpEvents(Unknown Source)
	at java.awt.EventDispatchThread.run(Unknown Source)
Caused by: java.lang.NullPointerException
	at de.uni.bamberg.wiai.minf.forflow.datagenerator.controller.io.XMLStartupHandler.endElement(XMLStartupHandler.java:457)
	at com.sun.org.apache.xerces.internal.parsers.AbstractSAXParser.endElement(Unknown Source)
	at com.sun.org.apache.xerces.internal.impl.XMLDocumentFragmentScannerImpl.scanEndElement(Unknown Source)
	at com.sun.org.apache.xerces.internal.impl.XMLDocumentFragmentScannerImpl$FragmentContentDriver.next(Unknown Source)
	at com.sun.org.apache.xerces.internal.impl.XMLDocumentScannerImpl.next(Unknown Source)
	at com.sun.org.apache.xerces.internal.impl.XMLNSDocumentScannerImpl.next(Unknown Source)
	at com.sun.org.apache.xerces.internal.impl.XMLDocumentFragmentScannerImpl.scanDocument(Unknown Source)
	at com.sun.org.apache.xerces.internal.parsers.XML11Configuration.parse(Unknown Source)
	at com.sun.org.apache.xerces.internal.parsers.XML11Configuration.parse(Unknown Source)
	at com.sun.org.apache.xerces.internal.parsers.XMLParser.parse(Unknown Source)
	at com.sun.org.apache.xerces.internal.parsers.AbstractSAXParser.parse(Unknown Source)
	at de.uni.bamberg.wiai.minf.forflow.datagenerator.controller.io.XMLStartup.loadStartUp(XMLStartup.java:116)
	at de.uni.bamberg.wiai.minf.forflow.datagenerator.controller.ControllerImpl.loadStartupFile(ControllerImpl.java:279)
	at de.uni.bamberg.wiai.minf.forflow.datagenerator.DataGenerator.initialize(DataGenerator.java:96)
	at org.jdesktop.application.Application$1.run(Application.java:170)
	... 8 more
Jun 21, 2009 4:09:57 PM de.uni.bamberg.wiai.minf.forflow.datagenerator.controller.worker.LogWorker doInBackground
INFO: null
java.lang.Error: Application class de.uni.bamberg.wiai.minf.forflow.datagenerator.DataGenerator failed to launch
	at org.jdesktop.application.Application$1.run(Application.java:177)
	at java.awt.event.InvocationEvent.dispatch(Unknown Source)
	at java.awt.EventQueue.dispatchEvent(Unknown Source)
	at java.awt.EventDispatchThread.pumpOneEventForFilters(Unknown Source)
	at java.awt.EventDispatchThread.pumpEventsForFilter(Unknown Source)
	at java.awt.EventDispatchThread.pumpEventsForHierarchy(Unknown Source)
	at java.awt.EventDispatchThread.pumpEvents(Unknown Source)
	at java.awt.EventDispatchThread.pumpEvents(Unknown Source)
	at java.awt.EventDispatchThread.run(Unknown Source)
Caused by: java.lang.NullPointerException
	at de.uni.bamberg.wiai.minf.forflow.datagenerator.controller.io.XMLStartupHandler.endElement(XMLStartupHandler.java:454)
	at com.sun.org.apache.xerces.internal.parsers.AbstractSAXParser.endElement(Unknown Source)
	at com.sun.org.apache.xerces.internal.impl.XMLDocumentFragmentScannerImpl.scanEndElement(Unknown Source)
	at com.sun.org.apache.xerces.internal.impl.XMLDocumentFragmentScannerImpl$FragmentContentDriver.next(Unknown Source)
	at com.sun.org.apache.xerces.internal.impl.XMLDocumentScannerImpl.next(Unknown Source)
	at com.sun.org.apache.xerces.internal.impl.XMLNSDocumentScannerImpl.next(Unknown Source)
	at com.sun.org.apache.xerces.internal.impl.XMLDocumentFragmentScannerImpl.scanDocument(Unknown Source)
	at com.sun.org.apache.xerces.internal.parsers.XML11Configuration.parse(Unknown Source)
	at com.sun.org.apache.xerces.internal.parsers.XML11Configuration.parse(Unknown Source)
	at com.sun.org.apache.xerces.internal.parsers.XMLParser.parse(Unknown Source)
	at com.sun.org.apache.xerces.internal.parsers.AbstractSAXParser.parse(Unknown Source)
	at de.uni.bamberg.wiai.minf.forflow.datagenerator.controller.io.XMLStartup.loadStartUp(XMLStartup.java:116)
	at de.uni.bamberg.wiai.minf.forflow.datagenerator.controller.ControllerImpl.loadStartupFile(ControllerImpl.java:279)
	at de.uni.bamberg.wiai.minf.forflow.datagenerator.DataGenerator.initialize(DataGenerator.java:96)
	at org.jdesktop.application.Application$1.run(Application.java:170)
	... 8 more
Jun 21, 2009 4:34:12 PM de.uni.bamberg.wiai.minf.forflow.datagenerator.controller.worker.LogWorker doInBackground
INFO: null
java.lang.IndexOutOfBoundsException: Index: 5, Size: 3
	at java.util.ArrayList.RangeCheck(Unknown Source)
	at java.util.ArrayList.get(Unknown Source)
	at de.uni.bamberg.wiai.minf.forflow.datagenerator.view.DataGeneratorView.isProbabilityAlreadySet(DataGeneratorView.java:3330)
	at de.uni.bamberg.wiai.minf.forflow.datagenerator.view.DataGeneratorView$16.stateChanged(DataGeneratorView.java:799)
	at javax.swing.JTabbedPane.fireStateChanged(Unknown Source)
	at javax.swing.JTabbedPane$ModelListener.stateChanged(Unknown Source)
	at javax.swing.DefaultSingleSelectionModel.fireStateChanged(Unknown Source)
	at javax.swing.DefaultSingleSelectionModel.setSelectedIndex(Unknown Source)
	at javax.swing.JTabbedPane.setSelectedIndexImpl(Unknown Source)
	at javax.swing.JTabbedPane.setSelectedIndex(Unknown Source)
	at javax.swing.JTabbedPane.setSelectedComponent(Unknown Source)
	at de.uni.bamberg.wiai.minf.forflow.datagenerator.view.DataGeneratorView.loadDynamicPanel(DataGeneratorView.java:3503)
	at de.uni.bamberg.wiai.minf.forflow.datagenerator.view.DataGeneratorView.access$4(DataGeneratorView.java:3447)
	at de.uni.bamberg.wiai.minf.forflow.datagenerator.view.DataGeneratorView$4.valueChanged(DataGeneratorView.java:448)
	at javax.swing.DefaultListSelectionModel.fireValueChanged(Unknown Source)
	at javax.swing.DefaultListSelectionModel.fireValueChanged(Unknown Source)
	at javax.swing.DefaultListSelectionModel.fireValueChanged(Unknown Source)
	at javax.swing.DefaultListSelectionModel.changeSelection(Unknown Source)
	at javax.swing.DefaultListSelectionModel.changeSelection(Unknown Source)
	at javax.swing.DefaultListSelectionModel.setSelectionInterval(Unknown Source)
	at javax.swing.JTable.changeSelectionModel(Unknown Source)
	at javax.swing.JTable.changeSelection(Unknown Source)
	at javax.swing.plaf.basic.BasicTableUI$Handler.adjustSelection(Unknown Source)
	at javax.swing.plaf.basic.BasicTableUI$Handler.mousePressed(Unknown Source)
	at java.awt.AWTEventMulticaster.mousePressed(Unknown Source)
	at java.awt.Component.processMouseEvent(Unknown Source)
	at javax.swing.JComponent.processMouseEvent(Unknown Source)
	at java.awt.Component.processEvent(Unknown Source)
	at java.awt.Container.processEvent(Unknown Source)
	at java.awt.Component.dispatchEventImpl(Unknown Source)
	at java.awt.Container.dispatchEventImpl(Unknown Source)
	at java.awt.Component.dispatchEvent(Unknown Source)
	at java.awt.LightweightDispatcher.retargetMouseEvent(Unknown Source)
	at java.awt.LightweightDispatcher.processMouseEvent(Unknown Source)
	at java.awt.LightweightDispatcher.dispatchEvent(Unknown Source)
	at java.awt.Container.dispatchEventImpl(Unknown Source)
	at java.awt.Window.dispatchEventImpl(Unknown Source)
	at java.awt.Component.dispatchEvent(Unknown Source)
	at java.awt.EventQueue.dispatchEvent(Unknown Source)
	at java.awt.EventDispatchThread.pumpOneEventForFilters(Unknown Source)
	at java.awt.EventDispatchThread.pumpEventsForFilter(Unknown Source)
	at java.awt.EventDispatchThread.pumpEventsForHierarchy(Unknown Source)
	at java.awt.EventDispatchThread.pumpEvents(Unknown Source)
	at java.awt.EventDispatchThread.pumpEvents(Unknown Source)
	at java.awt.EventDispatchThread.run(Unknown Source)
Jun 24, 2009 11:26:58 AM de.uni.bamberg.wiai.minf.forflow.datagenerator.controller.worker.LogWorker doInBackground
INFO: de.uni.bamberg.wiai.minf.forflow.datagenerator.controller.io.XMLStartup
org.xml.sax.SAXParseException: cvc-pattern-valid: Value 'AnotherTest' is not facet-valid with respect to pattern '[A-Z][a-z]+' for type 'TypeDT'.
	at com.sun.org.apache.xerces.internal.util.ErrorHandlerWrapper.createSAXParseException(Unknown Source)
	at com.sun.org.apache.xerces.internal.util.ErrorHandlerWrapper.error(Unknown Source)
	at com.sun.org.apache.xerces.internal.impl.XMLErrorReporter.reportError(Unknown Source)
	at com.sun.org.apache.xerces.internal.impl.XMLErrorReporter.reportError(Unknown Source)
	at com.sun.org.apache.xerces.internal.impl.xs.XMLSchemaValidator$XSIErrorReporter.reportError(Unknown Source)
	at com.sun.org.apache.xerces.internal.impl.xs.XMLSchemaValidator.reportSchemaError(Unknown Source)
	at com.sun.org.apache.xerces.internal.impl.xs.XMLSchemaValidator.processOneAttribute(Unknown Source)
	at com.sun.org.apache.xerces.internal.impl.xs.XMLSchemaValidator.processAttributes(Unknown Source)
	at com.sun.org.apache.xerces.internal.impl.xs.XMLSchemaValidator.handleStartElement(Unknown Source)
	at com.sun.org.apache.xerces.internal.impl.xs.XMLSchemaValidator.emptyElement(Unknown Source)
	at com.sun.org.apache.xerces.internal.impl.XMLNSDocumentScannerImpl.scanStartElement(Unknown Source)
	at com.sun.org.apache.xerces.internal.impl.XMLDocumentFragmentScannerImpl$FragmentContentDriver.next(Unknown Source)
	at com.sun.org.apache.xerces.internal.impl.XMLDocumentScannerImpl.next(Unknown Source)
	at com.sun.org.apache.xerces.internal.impl.XMLNSDocumentScannerImpl.next(Unknown Source)
	at com.sun.org.apache.xerces.internal.impl.XMLDocumentFragmentScannerImpl.scanDocument(Unknown Source)
	at com.sun.org.apache.xerces.internal.parsers.XML11Configuration.parse(Unknown Source)
	at com.sun.org.apache.xerces.internal.parsers.XML11Configuration.parse(Unknown Source)
	at com.sun.org.apache.xerces.internal.jaxp.validation.StreamValidatorHelper.validate(Unknown Source)
	at com.sun.org.apache.xerces.internal.jaxp.validation.ValidatorImpl.validate(Unknown Source)
	at javax.xml.validation.Validator.validate(Unknown Source)
	at de.uni.bamberg.wiai.minf.forflow.datagenerator.controller.io.XMLStartup.isValid(XMLStartup.java:462)
	at de.uni.bamberg.wiai.minf.forflow.datagenerator.controller.io.XMLStartup.loadStartUp(XMLStartup.java:105)
	at de.uni.bamberg.wiai.minf.forflow.datagenerator.controller.ControllerImpl.loadStartupFile(ControllerImpl.java:279)
	at de.uni.bamberg.wiai.minf.forflow.datagenerator.DataGenerator.initialize(DataGenerator.java:96)
	at org.jdesktop.application.Application$1.run(Application.java:170)
	at java.awt.event.InvocationEvent.dispatch(Unknown Source)
	at java.awt.EventQueue.dispatchEvent(Unknown Source)
	at java.awt.EventDispatchThread.pumpOneEventForFilters(Unknown Source)
	at java.awt.EventDispatchThread.pumpEventsForFilter(Unknown Source)
	at java.awt.EventDispatchThread.pumpEventsForHierarchy(Unknown Source)
	at java.awt.EventDispatchThread.pumpEvents(Unknown Source)
	at java.awt.EventDispatchThread.pumpEvents(Unknown Source)
	at java.awt.EventDispatchThread.run(Unknown Source)
Jun 24, 2009 11:27:04 AM de.uni.bamberg.wiai.minf.forflow.datagenerator.controller.worker.LogWorker doInBackground
INFO: A validation execption has been occured!

This happens usually when the startup file is
invalid or corrupted or other bad things have had happened.
Therefore, the system is going to be shut down!

javax.xml.bind.ValidationException: Something bad has happend to startup file!
	at de.uni.bamberg.wiai.minf.forflow.datagenerator.controller.io.XMLStartup.loadStartUp(XMLStartup.java:146)
	at de.uni.bamberg.wiai.minf.forflow.datagenerator.controller.ControllerImpl.loadStartupFile(ControllerImpl.java:279)
	at de.uni.bamberg.wiai.minf.forflow.datagenerator.DataGenerator.initialize(DataGenerator.java:96)
	at org.jdesktop.application.Application$1.run(Application.java:170)
	at java.awt.event.InvocationEvent.dispatch(Unknown Source)
	at java.awt.EventQueue.dispatchEvent(Unknown Source)
	at java.awt.EventDispatchThread.pumpOneEventForFilters(Unknown Source)
	at java.awt.EventDispatchThread.pumpEventsForFilter(Unknown Source)
	at java.awt.EventDispatchThread.pumpEventsForHierarchy(Unknown Source)
	at java.awt.EventDispatchThread.pumpEvents(Unknown Source)
	at java.awt.EventDispatchThread.pumpEvents(Unknown Source)
	at java.awt.EventDispatchThread.run(Unknown Source)
Jun 24, 2009 11:28:26 AM de.uni.bamberg.wiai.minf.forflow.datagenerator.controller.worker.LogWorker doInBackground
INFO: de.uni.bamberg.wiai.minf.forflow.datagenerator.controller.io.XMLStartup
org.xml.sax.SAXParseException: cvc-pattern-valid: Value 'AnotherTest' is not facet-valid with respect to pattern '[A-Z]+[a-z]*' for type 'TypeDT'.
	at com.sun.org.apache.xerces.internal.util.ErrorHandlerWrapper.createSAXParseException(Unknown Source)
	at com.sun.org.apache.xerces.internal.util.ErrorHandlerWrapper.error(Unknown Source)
	at com.sun.org.apache.xerces.internal.impl.XMLErrorReporter.reportError(Unknown Source)
	at com.sun.org.apache.xerces.internal.impl.XMLErrorReporter.reportError(Unknown Source)
	at com.sun.org.apache.xerces.internal.impl.xs.XMLSchemaValidator$XSIErrorReporter.reportError(Unknown Source)
	at com.sun.org.apache.xerces.internal.impl.xs.XMLSchemaValidator.reportSchemaError(Unknown Source)
	at com.sun.org.apache.xerces.internal.impl.xs.XMLSchemaValidator.processOneAttribute(Unknown Source)
	at com.sun.org.apache.xerces.internal.impl.xs.XMLSchemaValidator.processAttributes(Unknown Source)
	at com.sun.org.apache.xerces.internal.impl.xs.XMLSchemaValidator.handleStartElement(Unknown Source)
	at com.sun.org.apache.xerces.internal.impl.xs.XMLSchemaValidator.emptyElement(Unknown Source)
	at com.sun.org.apache.xerces.internal.impl.XMLNSDocumentScannerImpl.scanStartElement(Unknown Source)
	at com.sun.org.apache.xerces.internal.impl.XMLDocumentFragmentScannerImpl$FragmentContentDriver.next(Unknown Source)
	at com.sun.org.apache.xerces.internal.impl.XMLDocumentScannerImpl.next(Unknown Source)
	at com.sun.org.apache.xerces.internal.impl.XMLNSDocumentScannerImpl.next(Unknown Source)
	at com.sun.org.apache.xerces.internal.impl.XMLDocumentFragmentScannerImpl.scanDocument(Unknown Source)
	at com.sun.org.apache.xerces.internal.parsers.XML11Configuration.parse(Unknown Source)
	at com.sun.org.apache.xerces.internal.parsers.XML11Configuration.parse(Unknown Source)
	at com.sun.org.apache.xerces.internal.jaxp.validation.StreamValidatorHelper.validate(Unknown Source)
	at com.sun.org.apache.xerces.internal.jaxp.validation.ValidatorImpl.validate(Unknown Source)
	at javax.xml.validation.Validator.validate(Unknown Source)
	at de.uni.bamberg.wiai.minf.forflow.datagenerator.controller.io.XMLStartup.isValid(XMLStartup.java:462)
	at de.uni.bamberg.wiai.minf.forflow.datagenerator.controller.io.XMLStartup.loadStartUp(XMLStartup.java:105)
	at de.uni.bamberg.wiai.minf.forflow.datagenerator.controller.ControllerImpl.loadStartupFile(ControllerImpl.java:279)
	at de.uni.bamberg.wiai.minf.forflow.datagenerator.DataGenerator.initialize(DataGenerator.java:96)
	at org.jdesktop.application.Application$1.run(Application.java:170)
	at java.awt.event.InvocationEvent.dispatch(Unknown Source)
	at java.awt.EventQueue.dispatchEvent(Unknown Source)
	at java.awt.EventDispatchThread.pumpOneEventForFilters(Unknown Source)
	at java.awt.EventDispatchThread.pumpEventsForFilter(Unknown Source)
	at java.awt.EventDispatchThread.pumpEventsForHierarchy(Unknown Source)
	at java.awt.EventDispatchThread.pumpEvents(Unknown Source)
	at java.awt.EventDispatchThread.pumpEvents(Unknown Source)
	at java.awt.EventDispatchThread.run(Unknown Source)
Jun 24, 2009 11:28:27 AM de.uni.bamberg.wiai.minf.forflow.datagenerator.controller.worker.LogWorker doInBackground
INFO: A validation execption has been occured!

This happens usually when the startup file is
invalid or corrupted or other bad things have had happened.
Therefore, the system is going to be shut down!

javax.xml.bind.ValidationException: Something bad has happend to startup file!
	at de.uni.bamberg.wiai.minf.forflow.datagenerator.controller.io.XMLStartup.loadStartUp(XMLStartup.java:146)
	at de.uni.bamberg.wiai.minf.forflow.datagenerator.controller.ControllerImpl.loadStartupFile(ControllerImpl.java:279)
	at de.uni.bamberg.wiai.minf.forflow.datagenerator.DataGenerator.initialize(DataGenerator.java:96)
	at org.jdesktop.application.Application$1.run(Application.java:170)
	at java.awt.event.InvocationEvent.dispatch(Unknown Source)
	at java.awt.EventQueue.dispatchEvent(Unknown Source)
	at java.awt.EventDispatchThread.pumpOneEventForFilters(Unknown Source)
	at java.awt.EventDispatchThread.pumpEventsForFilter(Unknown Source)
	at java.awt.EventDispatchThread.pumpEventsForHierarchy(Unknown Source)
	at java.awt.EventDispatchThread.pumpEvents(Unknown Source)
	at java.awt.EventDispatchThread.pumpEvents(Unknown Source)
	at java.awt.EventDispatchThread.run(Unknown Source)
Jun 24, 2009 11:28:54 AM de.uni.bamberg.wiai.minf.forflow.datagenerator.controller.worker.LogWorker doInBackground
INFO: de.uni.bamberg.wiai.minf.forflow.datagenerator.controller.io.XMLStartup
org.xml.sax.SAXParseException: cvc-pattern-valid: Value 'AnotherTest' is not facet-valid with respect to pattern '[A-Z]*[a-z]*' for type 'TypeDT'.
	at com.sun.org.apache.xerces.internal.util.ErrorHandlerWrapper.createSAXParseException(Unknown Source)
	at com.sun.org.apache.xerces.internal.util.ErrorHandlerWrapper.error(Unknown Source)
	at com.sun.org.apache.xerces.internal.impl.XMLErrorReporter.reportError(Unknown Source)
	at com.sun.org.apache.xerces.internal.impl.XMLErrorReporter.reportError(Unknown Source)
	at com.sun.org.apache.xerces.internal.impl.xs.XMLSchemaValidator$XSIErrorReporter.reportError(Unknown Source)
	at com.sun.org.apache.xerces.internal.impl.xs.XMLSchemaValidator.reportSchemaError(Unknown Source)
	at com.sun.org.apache.xerces.internal.impl.xs.XMLSchemaValidator.processOneAttribute(Unknown Source)
	at com.sun.org.apache.xerces.internal.impl.xs.XMLSchemaValidator.processAttributes(Unknown Source)
	at com.sun.org.apache.xerces.internal.impl.xs.XMLSchemaValidator.handleStartElement(Unknown Source)
	at com.sun.org.apache.xerces.internal.impl.xs.XMLSchemaValidator.emptyElement(Unknown Source)
	at com.sun.org.apache.xerces.internal.impl.XMLNSDocumentScannerImpl.scanStartElement(Unknown Source)
	at com.sun.org.apache.xerces.internal.impl.XMLDocumentFragmentScannerImpl$FragmentContentDriver.next(Unknown Source)
	at com.sun.org.apache.xerces.internal.impl.XMLDocumentScannerImpl.next(Unknown Source)
	at com.sun.org.apache.xerces.internal.impl.XMLNSDocumentScannerImpl.next(Unknown Source)
	at com.sun.org.apache.xerces.internal.impl.XMLDocumentFragmentScannerImpl.scanDocument(Unknown Source)
	at com.sun.org.apache.xerces.internal.parsers.XML11Configuration.parse(Unknown Source)
	at com.sun.org.apache.xerces.internal.parsers.XML11Configuration.parse(Unknown Source)
	at com.sun.org.apache.xerces.internal.jaxp.validation.StreamValidatorHelper.validate(Unknown Source)
	at com.sun.org.apache.xerces.internal.jaxp.validation.ValidatorImpl.validate(Unknown Source)
	at javax.xml.validation.Validator.validate(Unknown Source)
	at de.uni.bamberg.wiai.minf.forflow.datagenerator.controller.io.XMLStartup.isValid(XMLStartup.java:462)
	at de.uni.bamberg.wiai.minf.forflow.datagenerator.controller.io.XMLStartup.loadStartUp(XMLStartup.java:105)
	at de.uni.bamberg.wiai.minf.forflow.datagenerator.controller.ControllerImpl.loadStartupFile(ControllerImpl.java:279)
	at de.uni.bamberg.wiai.minf.forflow.datagenerator.DataGenerator.initialize(DataGenerator.java:96)
	at org.jdesktop.application.Application$1.run(Application.java:170)
	at java.awt.event.InvocationEvent.dispatch(Unknown Source)
	at java.awt.EventQueue.dispatchEvent(Unknown Source)
	at java.awt.EventDispatchThread.pumpOneEventForFilters(Unknown Source)
	at java.awt.EventDispatchThread.pumpEventsForFilter(Unknown Source)
	at java.awt.EventDispatchThread.pumpEventsForHierarchy(Unknown Source)
	at java.awt.EventDispatchThread.pumpEvents(Unknown Source)
	at java.awt.EventDispatchThread.pumpEvents(Unknown Source)
	at java.awt.EventDispatchThread.run(Unknown Source)
Jun 24, 2009 11:28:56 AM de.uni.bamberg.wiai.minf.forflow.datagenerator.controller.worker.LogWorker doInBackground
INFO: A validation execption has been occured!

This happens usually when the startup file is
invalid or corrupted or other bad things have had happened.
Therefore, the system is going to be shut down!

javax.xml.bind.ValidationException: Something bad has happend to startup file!
	at de.uni.bamberg.wiai.minf.forflow.datagenerator.controller.io.XMLStartup.loadStartUp(XMLStartup.java:146)
	at de.uni.bamberg.wiai.minf.forflow.datagenerator.controller.ControllerImpl.loadStartupFile(ControllerImpl.java:279)
	at de.uni.bamberg.wiai.minf.forflow.datagenerator.DataGenerator.initialize(DataGenerator.java:96)
	at org.jdesktop.application.Application$1.run(Application.java:170)
	at java.awt.event.InvocationEvent.dispatch(Unknown Source)
	at java.awt.EventQueue.dispatchEvent(Unknown Source)
	at java.awt.EventDispatchThread.pumpOneEventForFilters(Unknown Source)
	at java.awt.EventDispatchThread.pumpEventsForFilter(Unknown Source)
	at java.awt.EventDispatchThread.pumpEventsForHierarchy(Unknown Source)
	at java.awt.EventDispatchThread.pumpEvents(Unknown Source)
	at java.awt.EventDispatchThread.pumpEvents(Unknown Source)
	at java.awt.EventDispatchThread.run(Unknown Source)
Jun 24, 2009 11:29:31 AM de.uni.bamberg.wiai.minf.forflow.datagenerator.controller.worker.LogWorker doInBackground
INFO: de.uni.bamberg.wiai.minf.forflow.datagenerator.controller.io.XMLStartup
org.xml.sax.SAXParseException: src-resolve.4.2: Error resolving component 'xs:anyString'. It was detected that 'xs:anyString' is in namespace 'http://www.w3.org/2001/XMLSchema', but components from this namespace are not referenceable from schema document 'file:/I:/SourceCode/DataGenerator/src/resource/Setup/startup.xsd'. If this is the incorrect namespace, perhaps the prefix of 'xs:anyString' needs to be changed. If this is the correct namespace, then an appropriate 'import' tag should be added to 'file:/I:/SourceCode/DataGenerator/src/resource/Setup/startup.xsd'.
	at com.sun.org.apache.xerces.internal.util.ErrorHandlerWrapper.createSAXParseException(Unknown Source)
	at com.sun.org.apache.xerces.internal.util.ErrorHandlerWrapper.error(Unknown Source)
	at com.sun.org.apache.xerces.internal.impl.XMLErrorReporter.reportError(Unknown Source)
	at com.sun.org.apache.xerces.internal.impl.xs.traversers.XSDHandler.reportSchemaErr(Unknown Source)
	at com.sun.org.apache.xerces.internal.impl.xs.traversers.XSDHandler.reportSchemaError(Unknown Source)
	at com.sun.org.apache.xerces.internal.impl.xs.traversers.XSDHandler.getGlobalDecl(Unknown Source)
	at com.sun.org.apache.xerces.internal.impl.xs.traversers.XSDAttributeTraverser.traverseNamedAttr(Unknown Source)
	at com.sun.org.apache.xerces.internal.impl.xs.traversers.XSDAttributeTraverser.traverseLocal(Unknown Source)
	at com.sun.org.apache.xerces.internal.impl.xs.traversers.XSDAbstractTraverser.traverseAttrsAndAttrGrps(Unknown Source)
	at com.sun.org.apache.xerces.internal.impl.xs.traversers.XSDComplexTypeTraverser.processComplexContent(Unknown Source)
	at com.sun.org.apache.xerces.internal.impl.xs.traversers.XSDComplexTypeTraverser.traverseComplexTypeDecl(Unknown Source)
	at com.sun.org.apache.xerces.internal.impl.xs.traversers.XSDComplexTypeTraverser.traverseGlobal(Unknown Source)
	at com.sun.org.apache.xerces.internal.impl.xs.traversers.XSDHandler.traverseSchemas(Unknown Source)
	at com.sun.org.apache.xerces.internal.impl.xs.traversers.XSDHandler.parseSchema(Unknown Source)
	at com.sun.org.apache.xerces.internal.impl.xs.XMLSchemaLoader.loadSchema(Unknown Source)
	at com.sun.org.apache.xerces.internal.impl.xs.XMLSchemaLoader.loadGrammar(Unknown Source)
	at com.sun.org.apache.xerces.internal.impl.xs.XMLSchemaLoader.loadGrammar(Unknown Source)
	at com.sun.org.apache.xerces.internal.jaxp.validation.XMLSchemaFactory.newSchema(Unknown Source)
	at javax.xml.validation.SchemaFactory.newSchema(Unknown Source)
	at javax.xml.validation.SchemaFactory.newSchema(Unknown Source)
	at de.uni.bamberg.wiai.minf.forflow.datagenerator.controller.io.XMLStartup.isValid(XMLStartup.java:453)
	at de.uni.bamberg.wiai.minf.forflow.datagenerator.controller.io.XMLStartup.loadStartUp(XMLStartup.java:105)
	at de.uni.bamberg.wiai.minf.forflow.datagenerator.controller.ControllerImpl.loadStartupFile(ControllerImpl.java:279)
	at de.uni.bamberg.wiai.minf.forflow.datagenerator.DataGenerator.initialize(DataGenerator.java:96)
	at org.jdesktop.application.Application$1.run(Application.java:170)
	at java.awt.event.InvocationEvent.dispatch(Unknown Source)
	at java.awt.EventQueue.dispatchEvent(Unknown Source)
	at java.awt.EventDispatchThread.pumpOneEventForFilters(Unknown Source)
	at java.awt.EventDispatchThread.pumpEventsForFilter(Unknown Source)
	at java.awt.EventDispatchThread.pumpEventsForHierarchy(Unknown Source)
	at java.awt.EventDispatchThread.pumpEvents(Unknown Source)
	at java.awt.EventDispatchThread.pumpEvents(Unknown Source)
	at java.awt.EventDispatchThread.run(Unknown Source)
Jun 24, 2009 11:29:33 AM de.uni.bamberg.wiai.minf.forflow.datagenerator.controller.worker.LogWorker doInBackground
INFO: A validation execption has been occured!

This happens usually when the startup file is
invalid or corrupted or other bad things have had happened.
Therefore, the system is going to be shut down!

javax.xml.bind.ValidationException: Something bad has happend to startup file!
	at de.uni.bamberg.wiai.minf.forflow.datagenerator.controller.io.XMLStartup.loadStartUp(XMLStartup.java:146)
	at de.uni.bamberg.wiai.minf.forflow.datagenerator.controller.ControllerImpl.loadStartupFile(ControllerImpl.java:279)
	at de.uni.bamberg.wiai.minf.forflow.datagenerator.DataGenerator.initialize(DataGenerator.java:96)
	at org.jdesktop.application.Application$1.run(Application.java:170)
	at java.awt.event.InvocationEvent.dispatch(Unknown Source)
	at java.awt.EventQueue.dispatchEvent(Unknown Source)
	at java.awt.EventDispatchThread.pumpOneEventForFilters(Unknown Source)
	at java.awt.EventDispatchThread.pumpEventsForFilter(Unknown Source)
	at java.awt.EventDispatchThread.pumpEventsForHierarchy(Unknown Source)
	at java.awt.EventDispatchThread.pumpEvents(Unknown Source)
	at java.awt.EventDispatchThread.pumpEvents(Unknown Source)
	at java.awt.EventDispatchThread.run(Unknown Source)
