Jun 19, 2009 4:29:13 PM de.uni.bamberg.wiai.minf.forflow.datagenerator.controller.worker.LogWorker doInBackground
INFO: null
java.lang.Error: java.lang.reflect.InvocationTargetException
	at org.jdesktop.application.ApplicationAction.actionFailed(ApplicationAction.java:859)
	at org.jdesktop.application.ApplicationAction.noProxyActionPerformed(ApplicationAction.java:665)
	at org.jdesktop.application.ApplicationAction.actionPerformed(ApplicationAction.java:698)
	at javax.swing.AbstractButton.fireActionPerformed(Unknown Source)
	at javax.swing.AbstractButton$Handler.actionPerformed(Unknown Source)
	at javax.swing.DefaultButtonModel.fireActionPerformed(Unknown Source)
	at javax.swing.DefaultButtonModel.setPressed(Unknown Source)
	at javax.swing.plaf.basic.BasicButtonListener.mouseReleased(Unknown Source)
	at java.awt.AWTEventMulticaster.mouseReleased(Unknown Source)
	at java.awt.Component.processMouseEvent(Unknown Source)
	at javax.swing.JComponent.processMouseEvent(Unknown Source)
	at java.awt.Component.processEvent(Unknown Source)
	at java.awt.Container.processEvent(Unknown Source)
	at java.awt.Component.dispatchEventImpl(Unknown Source)
	at java.awt.Container.dispatchEventImpl(Unknown Source)
	at java.awt.Component.dispatchEvent(Unknown Source)
	at java.awt.LightweightDispatcher.retargetMouseEvent(Unknown Source)
	at java.awt.LightweightDispatcher.processMouseEvent(Unknown Source)
	at java.awt.LightweightDispatcher.dispatchEvent(Unknown Source)
	at java.awt.Container.dispatchEventImpl(Unknown Source)
	at java.awt.Window.dispatchEventImpl(Unknown Source)
	at java.awt.Component.dispatchEvent(Unknown Source)
	at java.awt.EventQueue.dispatchEvent(Unknown Source)
	at java.awt.EventDispatchThread.pumpOneEventForFilters(Unknown Source)
	at java.awt.EventDispatchThread.pumpEventsForFilter(Unknown Source)
	at java.awt.EventDispatchThread.pumpEventsForHierarchy(Unknown Source)
	at java.awt.EventDispatchThread.pumpEvents(Unknown Source)
	at java.awt.EventDispatchThread.pumpEvents(Unknown Source)
	at java.awt.EventDispatchThread.run(Unknown Source)
Caused by: java.lang.reflect.InvocationTargetException
	at sun.reflect.NativeMethodAccessorImpl.invoke0(Native Method)
	at sun.reflect.NativeMethodAccessorImpl.invoke(Unknown Source)
	at sun.reflect.DelegatingMethodAccessorImpl.invoke(Unknown Source)
	at java.lang.reflect.Method.invoke(Unknown Source)
	at org.jdesktop.application.ApplicationAction.noProxyActionPerformed(ApplicationAction.java:662)
	... 27 more
Caused by: java.lang.NullPointerException
	at de.uni.bamberg.wiai.minf.forflow.datagenerator.view.DataGeneratorView.fillTypeEditorLoad(DataGeneratorView.java:2650)
	... 32 more
Jun 19, 2009 4:29:17 PM de.uni.bamberg.wiai.minf.forflow.datagenerator.controller.worker.LogWorker doInBackground
INFO: null
java.lang.Error: java.lang.reflect.InvocationTargetException
	at org.jdesktop.application.ApplicationAction.actionFailed(ApplicationAction.java:859)
	at org.jdesktop.application.ApplicationAction.noProxyActionPerformed(ApplicationAction.java:665)
	at org.jdesktop.application.ApplicationAction.actionPerformed(ApplicationAction.java:698)
	at javax.swing.AbstractButton.fireActionPerformed(Unknown Source)
	at javax.swing.AbstractButton$Handler.actionPerformed(Unknown Source)
	at javax.swing.DefaultButtonModel.fireActionPerformed(Unknown Source)
	at javax.swing.DefaultButtonModel.setPressed(Unknown Source)
	at javax.swing.plaf.basic.BasicButtonListener.mouseReleased(Unknown Source)
	at java.awt.AWTEventMulticaster.mouseReleased(Unknown Source)
	at java.awt.Component.processMouseEvent(Unknown Source)
	at javax.swing.JComponent.processMouseEvent(Unknown Source)
	at java.awt.Component.processEvent(Unknown Source)
	at java.awt.Container.processEvent(Unknown Source)
	at java.awt.Component.dispatchEventImpl(Unknown Source)
	at java.awt.Container.dispatchEventImpl(Unknown Source)
	at java.awt.Component.dispatchEvent(Unknown Source)
	at java.awt.LightweightDispatcher.retargetMouseEvent(Unknown Source)
	at java.awt.LightweightDispatcher.processMouseEvent(Unknown Source)
	at java.awt.LightweightDispatcher.dispatchEvent(Unknown Source)
	at java.awt.Container.dispatchEventImpl(Unknown Source)
	at java.awt.Window.dispatchEventImpl(Unknown Source)
	at java.awt.Component.dispatchEvent(Unknown Source)
	at java.awt.EventQueue.dispatchEvent(Unknown Source)
	at java.awt.EventDispatchThread.pumpOneEventForFilters(Unknown Source)
	at java.awt.EventDispatchThread.pumpEventsForFilter(Unknown Source)
	at java.awt.EventDispatchThread.pumpEventsForHierarchy(Unknown Source)
	at java.awt.EventDispatchThread.pumpEvents(Unknown Source)
	at java.awt.EventDispatchThread.pumpEvents(Unknown Source)
	at java.awt.EventDispatchThread.run(Unknown Source)
Caused by: java.lang.reflect.InvocationTargetException
	at sun.reflect.NativeMethodAccessorImpl.invoke0(Native Method)
	at sun.reflect.NativeMethodAccessorImpl.invoke(Unknown Source)
	at sun.reflect.DelegatingMethodAccessorImpl.invoke(Unknown Source)
	at java.lang.reflect.Method.invoke(Unknown Source)
	at org.jdesktop.application.ApplicationAction.noProxyActionPerformed(ApplicationAction.java:662)
	... 27 more
Caused by: java.lang.NullPointerException
	at de.uni.bamberg.wiai.minf.forflow.datagenerator.view.DataGeneratorView.fillTypeEditorLoad(DataGeneratorView.java:2650)
	... 32 more
Jun 19, 2009 4:59:14 PM de.uni.bamberg.wiai.minf.forflow.datagenerator.controller.worker.LogWorker doInBackground
INFO: null
java.lang.Error: java.lang.reflect.InvocationTargetException
	at org.jdesktop.application.ApplicationAction.actionFailed(ApplicationAction.java:859)
	at org.jdesktop.application.ApplicationAction.noProxyActionPerformed(ApplicationAction.java:665)
	at org.jdesktop.application.ApplicationAction.actionPerformed(ApplicationAction.java:698)
	at javax.swing.AbstractButton.fireActionPerformed(Unknown Source)
	at javax.swing.AbstractButton$Handler.actionPerformed(Unknown Source)
	at javax.swing.DefaultButtonModel.fireActionPerformed(Unknown Source)
	at javax.swing.DefaultButtonModel.setPressed(Unknown Source)
	at javax.swing.plaf.basic.BasicButtonListener.mouseReleased(Unknown Source)
	at java.awt.AWTEventMulticaster.mouseReleased(Unknown Source)
	at java.awt.Component.processMouseEvent(Unknown Source)
	at javax.swing.JComponent.processMouseEvent(Unknown Source)
	at java.awt.Component.processEvent(Unknown Source)
	at java.awt.Container.processEvent(Unknown Source)
	at java.awt.Component.dispatchEventImpl(Unknown Source)
	at java.awt.Container.dispatchEventImpl(Unknown Source)
	at java.awt.Component.dispatchEvent(Unknown Source)
	at java.awt.LightweightDispatcher.retargetMouseEvent(Unknown Source)
	at java.awt.LightweightDispatcher.processMouseEvent(Unknown Source)
	at java.awt.LightweightDispatcher.dispatchEvent(Unknown Source)
	at java.awt.Container.dispatchEventImpl(Unknown Source)
	at java.awt.Window.dispatchEventImpl(Unknown Source)
	at java.awt.Component.dispatchEvent(Unknown Source)
	at java.awt.EventQueue.dispatchEvent(Unknown Source)
	at java.awt.EventDispatchThread.pumpOneEventForFilters(Unknown Source)
	at java.awt.EventDispatchThread.pumpEventsForFilter(Unknown Source)
	at java.awt.EventDispatchThread.pumpEventsForHierarchy(Unknown Source)
	at java.awt.EventDispatchThread.pumpEvents(Unknown Source)
	at java.awt.EventDispatchThread.pumpEvents(Unknown Source)
	at java.awt.EventDispatchThread.run(Unknown Source)
Caused by: java.lang.reflect.InvocationTargetException
	at sun.reflect.NativeMethodAccessorImpl.invoke0(Native Method)
	at sun.reflect.NativeMethodAccessorImpl.invoke(Unknown Source)
	at sun.reflect.DelegatingMethodAccessorImpl.invoke(Unknown Source)
	at java.lang.reflect.Method.invoke(Unknown Source)
	at org.jdesktop.application.ApplicationAction.noProxyActionPerformed(ApplicationAction.java:662)
	... 27 more
Caused by: java.lang.NullPointerException
	at de.uni.bamberg.wiai.minf.forflow.datagenerator.view.util.Splitter.hasFileExtension(Splitter.java:296)
	at de.uni.bamberg.wiai.minf.forflow.datagenerator.view.util.Splitter.getFileName(Splitter.java:164)
	at de.uni.bamberg.wiai.minf.forflow.datagenerator.view.util.Splitter.getFileName(Splitter.java:188)
	at de.uni.bamberg.wiai.minf.forflow.datagenerator.view.DataGeneratorActions.generateData(DataGeneratorActions.java:384)
	at de.uni.bamberg.wiai.minf.forflow.datagenerator.view.DataGeneratorView.generateData(DataGeneratorView.java:2191)
	... 32 more
Jun 19, 2009 4:59:19 PM de.uni.bamberg.wiai.minf.forflow.datagenerator.controller.worker.LogWorker doInBackground
INFO: null
java.lang.Error: java.lang.reflect.InvocationTargetException
	at org.jdesktop.application.ApplicationAction.actionFailed(ApplicationAction.java:859)
	at org.jdesktop.application.ApplicationAction.noProxyActionPerformed(ApplicationAction.java:665)
	at org.jdesktop.application.ApplicationAction.actionPerformed(ApplicationAction.java:698)
	at javax.swing.AbstractButton.fireActionPerformed(Unknown Source)
	at javax.swing.AbstractButton$Handler.actionPerformed(Unknown Source)
	at javax.swing.DefaultButtonModel.fireActionPerformed(Unknown Source)
	at javax.swing.DefaultButtonModel.setPressed(Unknown Source)
	at javax.swing.plaf.basic.BasicButtonListener.mouseReleased(Unknown Source)
	at java.awt.AWTEventMulticaster.mouseReleased(Unknown Source)
	at java.awt.Component.processMouseEvent(Unknown Source)
	at javax.swing.JComponent.processMouseEvent(Unknown Source)
	at java.awt.Component.processEvent(Unknown Source)
	at java.awt.Container.processEvent(Unknown Source)
	at java.awt.Component.dispatchEventImpl(Unknown Source)
	at java.awt.Container.dispatchEventImpl(Unknown Source)
	at java.awt.Component.dispatchEvent(Unknown Source)
	at java.awt.LightweightDispatcher.retargetMouseEvent(Unknown Source)
	at java.awt.LightweightDispatcher.processMouseEvent(Unknown Source)
	at java.awt.LightweightDispatcher.dispatchEvent(Unknown Source)
	at java.awt.Container.dispatchEventImpl(Unknown Source)
	at java.awt.Window.dispatchEventImpl(Unknown Source)
	at java.awt.Component.dispatchEvent(Unknown Source)
	at java.awt.EventQueue.dispatchEvent(Unknown Source)
	at java.awt.EventDispatchThread.pumpOneEventForFilters(Unknown Source)
	at java.awt.EventDispatchThread.pumpEventsForFilter(Unknown Source)
	at java.awt.EventDispatchThread.pumpEventsForHierarchy(Unknown Source)
	at java.awt.EventDispatchThread.pumpEvents(Unknown Source)
	at java.awt.EventDispatchThread.pumpEvents(Unknown Source)
	at java.awt.EventDispatchThread.run(Unknown Source)
Caused by: java.lang.reflect.InvocationTargetException
	at sun.reflect.NativeMethodAccessorImpl.invoke0(Native Method)
	at sun.reflect.NativeMethodAccessorImpl.invoke(Unknown Source)
	at sun.reflect.DelegatingMethodAccessorImpl.invoke(Unknown Source)
	at java.lang.reflect.Method.invoke(Unknown Source)
	at org.jdesktop.application.ApplicationAction.noProxyActionPerformed(ApplicationAction.java:662)
	... 27 more
Caused by: java.lang.NullPointerException
	at de.uni.bamberg.wiai.minf.forflow.datagenerator.view.util.Splitter.hasFileExtension(Splitter.java:296)
	at de.uni.bamberg.wiai.minf.forflow.datagenerator.view.util.Splitter.getFileName(Splitter.java:164)
	at de.uni.bamberg.wiai.minf.forflow.datagenerator.view.util.Splitter.getFileName(Splitter.java:188)
	at de.uni.bamberg.wiai.minf.forflow.datagenerator.view.DataGeneratorActions.generateData(DataGeneratorActions.java:384)
	at de.uni.bamberg.wiai.minf.forflow.datagenerator.view.DataGeneratorView.generateData(DataGeneratorView.java:2191)
	... 32 more
Jun 19, 2009 5:01:48 PM de.uni.bamberg.wiai.minf.forflow.datagenerator.controller.worker.LogWorker doInBackground
INFO: null
java.lang.Error: java.lang.reflect.InvocationTargetException
	at org.jdesktop.application.ApplicationAction.actionFailed(ApplicationAction.java:859)
	at org.jdesktop.application.ApplicationAction.noProxyActionPerformed(ApplicationAction.java:665)
	at org.jdesktop.application.ApplicationAction.actionPerformed(ApplicationAction.java:698)
	at javax.swing.AbstractButton.fireActionPerformed(Unknown Source)
	at javax.swing.AbstractButton$Handler.actionPerformed(Unknown Source)
	at javax.swing.DefaultButtonModel.fireActionPerformed(Unknown Source)
	at javax.swing.DefaultButtonModel.setPressed(Unknown Source)
	at javax.swing.plaf.basic.BasicButtonListener.mouseReleased(Unknown Source)
	at java.awt.AWTEventMulticaster.mouseReleased(Unknown Source)
	at java.awt.Component.processMouseEvent(Unknown Source)
	at javax.swing.JComponent.processMouseEvent(Unknown Source)
	at java.awt.Component.processEvent(Unknown Source)
	at java.awt.Container.processEvent(Unknown Source)
	at java.awt.Component.dispatchEventImpl(Unknown Source)
	at java.awt.Container.dispatchEventImpl(Unknown Source)
	at java.awt.Component.dispatchEvent(Unknown Source)
	at java.awt.LightweightDispatcher.retargetMouseEvent(Unknown Source)
	at java.awt.LightweightDispatcher.processMouseEvent(Unknown Source)
	at java.awt.LightweightDispatcher.dispatchEvent(Unknown Source)
	at java.awt.Container.dispatchEventImpl(Unknown Source)
	at java.awt.Window.dispatchEventImpl(Unknown Source)
	at java.awt.Component.dispatchEvent(Unknown Source)
	at java.awt.EventQueue.dispatchEvent(Unknown Source)
	at java.awt.EventDispatchThread.pumpOneEventForFilters(Unknown Source)
	at java.awt.EventDispatchThread.pumpEventsForFilter(Unknown Source)
	at java.awt.EventDispatchThread.pumpEventsForHierarchy(Unknown Source)
	at java.awt.EventDispatchThread.pumpEvents(Unknown Source)
	at java.awt.EventDispatchThread.pumpEvents(Unknown Source)
	at java.awt.EventDispatchThread.run(Unknown Source)
Caused by: java.lang.reflect.InvocationTargetException
	at sun.reflect.NativeMethodAccessorImpl.invoke0(Native Method)
	at sun.reflect.NativeMethodAccessorImpl.invoke(Unknown Source)
	at sun.reflect.DelegatingMethodAccessorImpl.invoke(Unknown Source)
	at java.lang.reflect.Method.invoke(Unknown Source)
	at org.jdesktop.application.ApplicationAction.noProxyActionPerformed(ApplicationAction.java:662)
	... 27 more
Caused by: java.lang.NullPointerException
	at de.uni.bamberg.wiai.minf.forflow.datagenerator.view.util.Splitter.hasFileExtension(Splitter.java:296)
	at de.uni.bamberg.wiai.minf.forflow.datagenerator.view.util.Splitter.getFileName(Splitter.java:164)
	at de.uni.bamberg.wiai.minf.forflow.datagenerator.view.util.Splitter.getFileName(Splitter.java:188)
	at de.uni.bamberg.wiai.minf.forflow.datagenerator.view.DataGeneratorActions.generateData(DataGeneratorActions.java:384)
	at de.uni.bamberg.wiai.minf.forflow.datagenerator.view.DataGeneratorView.generateData(DataGeneratorView.java:2191)
	... 32 more
Jun 19, 2009 5:01:51 PM de.uni.bamberg.wiai.minf.forflow.datagenerator.controller.worker.LogWorker doInBackground
INFO: null
java.lang.Error: java.lang.reflect.InvocationTargetException
	at org.jdesktop.application.ApplicationAction.actionFailed(ApplicationAction.java:859)
	at org.jdesktop.application.ApplicationAction.noProxyActionPerformed(ApplicationAction.java:665)
	at org.jdesktop.application.ApplicationAction.actionPerformed(ApplicationAction.java:698)
	at javax.swing.AbstractButton.fireActionPerformed(Unknown Source)
	at javax.swing.AbstractButton$Handler.actionPerformed(Unknown Source)
	at javax.swing.DefaultButtonModel.fireActionPerformed(Unknown Source)
	at javax.swing.DefaultButtonModel.setPressed(Unknown Source)
	at javax.swing.plaf.basic.BasicButtonListener.mouseReleased(Unknown Source)
	at java.awt.AWTEventMulticaster.mouseReleased(Unknown Source)
	at java.awt.Component.processMouseEvent(Unknown Source)
	at javax.swing.JComponent.processMouseEvent(Unknown Source)
	at java.awt.Component.processEvent(Unknown Source)
	at java.awt.Container.processEvent(Unknown Source)
	at java.awt.Component.dispatchEventImpl(Unknown Source)
	at java.awt.Container.dispatchEventImpl(Unknown Source)
	at java.awt.Component.dispatchEvent(Unknown Source)
	at java.awt.LightweightDispatcher.retargetMouseEvent(Unknown Source)
	at java.awt.LightweightDispatcher.processMouseEvent(Unknown Source)
	at java.awt.LightweightDispatcher.dispatchEvent(Unknown Source)
	at java.awt.Container.dispatchEventImpl(Unknown Source)
	at java.awt.Window.dispatchEventImpl(Unknown Source)
	at java.awt.Component.dispatchEvent(Unknown Source)
	at java.awt.EventQueue.dispatchEvent(Unknown Source)
	at java.awt.EventDispatchThread.pumpOneEventForFilters(Unknown Source)
	at java.awt.EventDispatchThread.pumpEventsForFilter(Unknown Source)
	at java.awt.EventDispatchThread.pumpEventsForHierarchy(Unknown Source)
	at java.awt.EventDispatchThread.pumpEvents(Unknown Source)
	at java.awt.EventDispatchThread.pumpEvents(Unknown Source)
	at java.awt.EventDispatchThread.run(Unknown Source)
Caused by: java.lang.reflect.InvocationTargetException
	at sun.reflect.NativeMethodAccessorImpl.invoke0(Native Method)
	at sun.reflect.NativeMethodAccessorImpl.invoke(Unknown Source)
	at sun.reflect.DelegatingMethodAccessorImpl.invoke(Unknown Source)
	at java.lang.reflect.Method.invoke(Unknown Source)
	at org.jdesktop.application.ApplicationAction.noProxyActionPerformed(ApplicationAction.java:662)
	... 27 more
Caused by: java.lang.NullPointerException
	at de.uni.bamberg.wiai.minf.forflow.datagenerator.view.util.Splitter.hasFileExtension(Splitter.java:296)
	at de.uni.bamberg.wiai.minf.forflow.datagenerator.view.util.Splitter.getFileName(Splitter.java:164)
	at de.uni.bamberg.wiai.minf.forflow.datagenerator.view.util.Splitter.getFileName(Splitter.java:188)
	at de.uni.bamberg.wiai.minf.forflow.datagenerator.view.DataGeneratorActions.generateData(DataGeneratorActions.java:384)
	at de.uni.bamberg.wiai.minf.forflow.datagenerator.view.DataGeneratorView.generateData(DataGeneratorView.java:2191)
	... 32 more
Jun 20, 2009 11:26:29 AM de.uni.bamberg.wiai.minf.forflow.datagenerator.controller.worker.LogWorker doInBackground
INFO: de.uni.bamberg.wiai.minf.forflow.datagenerator.controller.io.XMLStartup
org.xml.sax.SAXParseException: cvc-complex-type.2.4.a: Invalid content was found starting with element 'PRNG'. One of '{Date}' is expected.
	at com.sun.org.apache.xerces.internal.util.ErrorHandlerWrapper.createSAXParseException(Unknown Source)
	at com.sun.org.apache.xerces.internal.util.ErrorHandlerWrapper.error(Unknown Source)
	at com.sun.org.apache.xerces.internal.impl.XMLErrorReporter.reportError(Unknown Source)
	at com.sun.org.apache.xerces.internal.impl.XMLErrorReporter.reportError(Unknown Source)
	at com.sun.org.apache.xerces.internal.impl.xs.XMLSchemaValidator$XSIErrorReporter.reportError(Unknown Source)
	at com.sun.org.apache.xerces.internal.impl.xs.XMLSchemaValidator.reportSchemaError(Unknown Source)
	at com.sun.org.apache.xerces.internal.impl.xs.XMLSchemaValidator.handleStartElement(Unknown Source)
	at com.sun.org.apache.xerces.internal.impl.xs.XMLSchemaValidator.startElement(Unknown Source)
	at com.sun.org.apache.xerces.internal.impl.XMLNSDocumentScannerImpl.scanStartElement(Unknown Source)
	at com.sun.org.apache.xerces.internal.impl.XMLDocumentFragmentScannerImpl$FragmentContentDriver.next(Unknown Source)
	at com.sun.org.apache.xerces.internal.impl.XMLDocumentScannerImpl.next(Unknown Source)
	at com.sun.org.apache.xerces.internal.impl.XMLNSDocumentScannerImpl.next(Unknown Source)
	at com.sun.org.apache.xerces.internal.impl.XMLDocumentFragmentScannerImpl.scanDocument(Unknown Source)
	at com.sun.org.apache.xerces.internal.parsers.XML11Configuration.parse(Unknown Source)
	at com.sun.org.apache.xerces.internal.parsers.XML11Configuration.parse(Unknown Source)
	at com.sun.org.apache.xerces.internal.jaxp.validation.StreamValidatorHelper.validate(Unknown Source)
	at com.sun.org.apache.xerces.internal.jaxp.validation.ValidatorImpl.validate(Unknown Source)
	at javax.xml.validation.Validator.validate(Unknown Source)
	at de.uni.bamberg.wiai.minf.forflow.datagenerator.controller.io.XMLStartup.isValid(XMLStartup.java:452)
	at de.uni.bamberg.wiai.minf.forflow.datagenerator.controller.io.XMLStartup.loadStartUp(XMLStartup.java:103)
	at de.uni.bamberg.wiai.minf.forflow.datagenerator.controller.ControllerImpl.loadStartupFile(ControllerImpl.java:279)
	at de.uni.bamberg.wiai.minf.forflow.datagenerator.DataGenerator.initialize(DataGenerator.java:96)
	at org.jdesktop.application.Application$1.run(Application.java:170)
	at java.awt.event.InvocationEvent.dispatch(Unknown Source)
	at java.awt.EventQueue.dispatchEvent(Unknown Source)
	at java.awt.EventDispatchThread.pumpOneEventForFilters(Unknown Source)
	at java.awt.EventDispatchThread.pumpEventsForFilter(Unknown Source)
	at java.awt.EventDispatchThread.pumpEventsForHierarchy(Unknown Source)
	at java.awt.EventDispatchThread.pumpEvents(Unknown Source)
	at java.awt.EventDispatchThread.pumpEvents(Unknown Source)
	at java.awt.EventDispatchThread.run(Unknown Source)
Jun 20, 2009 11:26:36 AM de.uni.bamberg.wiai.minf.forflow.datagenerator.controller.worker.LogWorker doInBackground
INFO: A validation execption has been occured!

This happens usually when the startup file is
invalid or corrupted or other bad things have had happened.
Therefore, the system is going to be shut down!

javax.xml.bind.ValidationException: Something bad has happend to startup file!
	at de.uni.bamberg.wiai.minf.forflow.datagenerator.controller.io.XMLStartup.loadStartUp(XMLStartup.java:144)
	at de.uni.bamberg.wiai.minf.forflow.datagenerator.controller.ControllerImpl.loadStartupFile(ControllerImpl.java:279)
	at de.uni.bamberg.wiai.minf.forflow.datagenerator.DataGenerator.initialize(DataGenerator.java:96)
	at org.jdesktop.application.Application$1.run(Application.java:170)
	at java.awt.event.InvocationEvent.dispatch(Unknown Source)
	at java.awt.EventQueue.dispatchEvent(Unknown Source)
	at java.awt.EventDispatchThread.pumpOneEventForFilters(Unknown Source)
	at java.awt.EventDispatchThread.pumpEventsForFilter(Unknown Source)
	at java.awt.EventDispatchThread.pumpEventsForHierarchy(Unknown Source)
	at java.awt.EventDispatchThread.pumpEvents(Unknown Source)
	at java.awt.EventDispatchThread.pumpEvents(Unknown Source)
	at java.awt.EventDispatchThread.run(Unknown Source)
Jun 21, 2009 12:09:48 PM de.uni.bamberg.wiai.minf.forflow.datagenerator.controller.worker.LogWorker doInBackground
INFO: null
java.lang.Error: Application class de.uni.bamberg.wiai.minf.forflow.datagenerator.DataGenerator failed to launch
	at org.jdesktop.application.Application$1.run(Application.java:177)
	at java.awt.event.InvocationEvent.dispatch(Unknown Source)
	at java.awt.EventQueue.dispatchEvent(Unknown Source)
	at java.awt.EventDispatchThread.pumpOneEventForFilters(Unknown Source)
	at java.awt.EventDispatchThread.pumpEventsForFilter(Unknown Source)
	at java.awt.EventDispatchThread.pumpEventsForHierarchy(Unknown Source)
	at java.awt.EventDispatchThread.pumpEvents(Unknown Source)
	at java.awt.EventDispatchThread.pumpEvents(Unknown Source)
	at java.awt.EventDispatchThread.run(Unknown Source)
Caused by: java.lang.NullPointerException
	at de.uni.bamberg.wiai.minf.forflow.datagenerator.model.ModelImpl.hasArtefactType(ModelImpl.java:348)
	at de.uni.bamberg.wiai.minf.forflow.datagenerator.model.ModelImpl.addArtefactType(ModelImpl.java:156)
	at de.uni.bamberg.wiai.minf.forflow.datagenerator.controller.ControllerImpl.addArtefactType(ControllerImpl.java:559)
	at de.uni.bamberg.wiai.minf.forflow.datagenerator.controller.ControllerImpl.parsedArtefactTypes(ControllerImpl.java:701)
	at de.uni.bamberg.wiai.minf.forflow.datagenerator.controller.io.XMLStartup.loadStartUp(XMLStartup.java:117)
	at de.uni.bamberg.wiai.minf.forflow.datagenerator.controller.ControllerImpl.loadStartupFile(ControllerImpl.java:279)
	at de.uni.bamberg.wiai.minf.forflow.datagenerator.DataGenerator.initialize(DataGenerator.java:96)
	at org.jdesktop.application.Application$1.run(Application.java:170)
	... 8 more
Jun 21, 2009 12:09:53 PM de.uni.bamberg.wiai.minf.forflow.datagenerator.controller.worker.LogWorker doInBackground
INFO: null
java.lang.Error: Application class de.uni.bamberg.wiai.minf.forflow.datagenerator.DataGenerator failed to launch
	at org.jdesktop.application.Application$1.run(Application.java:177)
	at java.awt.event.InvocationEvent.dispatch(Unknown Source)
	at java.awt.EventQueue.dispatchEvent(Unknown Source)
	at java.awt.EventDispatchThread.pumpOneEventForFilters(Unknown Source)
	at java.awt.EventDispatchThread.pumpEventsForFilter(Unknown Source)
	at java.awt.EventDispatchThread.pumpEventsForHierarchy(Unknown Source)
	at java.awt.EventDispatchThread.pumpEvents(Unknown Source)
	at java.awt.EventDispatchThread.pumpEvents(Unknown Source)
	at java.awt.EventDispatchThread.run(Unknown Source)
Caused by: java.lang.NullPointerException
	at de.uni.bamberg.wiai.minf.forflow.datagenerator.model.ModelImpl.hasArtefactType(ModelImpl.java:348)
	at de.uni.bamberg.wiai.minf.forflow.datagenerator.model.ModelImpl.addArtefactType(ModelImpl.java:156)
	at de.uni.bamberg.wiai.minf.forflow.datagenerator.controller.ControllerImpl.addArtefactType(ControllerImpl.java:559)
	at de.uni.bamberg.wiai.minf.forflow.datagenerator.controller.ControllerImpl.parsedArtefactTypes(ControllerImpl.java:701)
	at de.uni.bamberg.wiai.minf.forflow.datagenerator.controller.io.XMLStartup.loadStartUp(XMLStartup.java:117)
	at de.uni.bamberg.wiai.minf.forflow.datagenerator.controller.ControllerImpl.loadStartupFile(ControllerImpl.java:279)
	at de.uni.bamberg.wiai.minf.forflow.datagenerator.DataGenerator.initialize(DataGenerator.java:96)
	at org.jdesktop.application.Application$1.run(Application.java:170)
	... 8 more
Jun 21, 2009 12:12:27 PM de.uni.bamberg.wiai.minf.forflow.datagenerator.controller.worker.LogWorker doInBackground
INFO: null
java.lang.Error: Application class de.uni.bamberg.wiai.minf.forflow.datagenerator.DataGenerator failed to launch
	at org.jdesktop.application.Application$1.run(Application.java:177)
	at java.awt.event.InvocationEvent.dispatch(Unknown Source)
	at java.awt.EventQueue.dispatchEvent(Unknown Source)
	at java.awt.EventDispatchThread.pumpOneEventForFilters(Unknown Source)
	at java.awt.EventDispatchThread.pumpEventsForFilter(Unknown Source)
	at java.awt.EventDispatchThread.pumpEventsForHierarchy(Unknown Source)
	at java.awt.EventDispatchThread.pumpEvents(Unknown Source)
	at java.awt.EventDispatchThread.pumpEvents(Unknown Source)
	at java.awt.EventDispatchThread.run(Unknown Source)
Caused by: java.lang.NullPointerException
	at de.uni.bamberg.wiai.minf.forflow.datagenerator.model.ModelImpl.hasArtefactType(ModelImpl.java:348)
	at de.uni.bamberg.wiai.minf.forflow.datagenerator.model.ModelImpl.addArtefactType(ModelImpl.java:156)
	at de.uni.bamberg.wiai.minf.forflow.datagenerator.controller.ControllerImpl.addArtefactType(ControllerImpl.java:559)
	at de.uni.bamberg.wiai.minf.forflow.datagenerator.controller.ControllerImpl.parsedArtefactTypes(ControllerImpl.java:702)
	at de.uni.bamberg.wiai.minf.forflow.datagenerator.controller.io.XMLStartup.loadStartUp(XMLStartup.java:117)
	at de.uni.bamberg.wiai.minf.forflow.datagenerator.controller.ControllerImpl.loadStartupFile(ControllerImpl.java:279)
	at de.uni.bamberg.wiai.minf.forflow.datagenerator.DataGenerator.initialize(DataGenerator.java:96)
	at org.jdesktop.application.Application$1.run(Application.java:170)
	... 8 more
Jun 21, 2009 12:12:28 PM de.uni.bamberg.wiai.minf.forflow.datagenerator.controller.worker.LogWorker doInBackground
INFO: null
java.lang.Error: Application class de.uni.bamberg.wiai.minf.forflow.datagenerator.DataGenerator failed to launch
	at org.jdesktop.application.Application$1.run(Application.java:177)
	at java.awt.event.InvocationEvent.dispatch(Unknown Source)
	at java.awt.EventQueue.dispatchEvent(Unknown Source)
	at java.awt.EventDispatchThread.pumpOneEventForFilters(Unknown Source)
	at java.awt.EventDispatchThread.pumpEventsForFilter(Unknown Source)
	at java.awt.EventDispatchThread.pumpEventsForHierarchy(Unknown Source)
	at java.awt.EventDispatchThread.pumpEvents(Unknown Source)
	at java.awt.EventDispatchThread.pumpEvents(Unknown Source)
	at java.awt.EventDispatchThread.run(Unknown Source)
Caused by: java.lang.NullPointerException
	at de.uni.bamberg.wiai.minf.forflow.datagenerator.model.ModelImpl.hasArtefactType(ModelImpl.java:348)
	at de.uni.bamberg.wiai.minf.forflow.datagenerator.model.ModelImpl.addArtefactType(ModelImpl.java:156)
	at de.uni.bamberg.wiai.minf.forflow.datagenerator.controller.ControllerImpl.addArtefactType(ControllerImpl.java:559)
	at de.uni.bamberg.wiai.minf.forflow.datagenerator.controller.ControllerImpl.parsedArtefactTypes(ControllerImpl.java:702)
	at de.uni.bamberg.wiai.minf.forflow.datagenerator.controller.io.XMLStartup.loadStartUp(XMLStartup.java:117)
	at de.uni.bamberg.wiai.minf.forflow.datagenerator.controller.ControllerImpl.loadStartupFile(ControllerImpl.java:279)
	at de.uni.bamberg.wiai.minf.forflow.datagenerator.DataGenerator.initialize(DataGenerator.java:96)
	at org.jdesktop.application.Application$1.run(Application.java:170)
	... 8 more
Jun 21, 2009 12:14:48 PM de.uni.bamberg.wiai.minf.forflow.datagenerator.controller.worker.LogWorker doInBackground
INFO: null
java.lang.Error: Application class de.uni.bamberg.wiai.minf.forflow.datagenerator.DataGenerator failed to launch
	at org.jdesktop.application.Application$1.run(Application.java:177)
	at java.awt.event.InvocationEvent.dispatch(Unknown Source)
	at java.awt.EventQueue.dispatchEvent(Unknown Source)
	at java.awt.EventDispatchThread.pumpOneEventForFilters(Unknown Source)
	at java.awt.EventDispatchThread.pumpEventsForFilter(Unknown Source)
	at java.awt.EventDispatchThread.pumpEventsForHierarchy(Unknown Source)
	at java.awt.EventDispatchThread.pumpEvents(Unknown Source)
	at java.awt.EventDispatchThread.pumpEvents(Unknown Source)
	at java.awt.EventDispatchThread.run(Unknown Source)
Caused by: java.lang.NullPointerException
	at de.uni.bamberg.wiai.minf.forflow.datagenerator.model.ModelImpl.hasArtefactType(ModelImpl.java:348)
	at de.uni.bamberg.wiai.minf.forflow.datagenerator.model.ModelImpl.addArtefactType(ModelImpl.java:156)
	at de.uni.bamberg.wiai.minf.forflow.datagenerator.controller.ControllerImpl.addArtefactType(ControllerImpl.java:559)
	at de.uni.bamberg.wiai.minf.forflow.datagenerator.controller.ControllerImpl.parsedArtefactTypes(ControllerImpl.java:702)
	at de.uni.bamberg.wiai.minf.forflow.datagenerator.controller.io.XMLStartup.loadStartUp(XMLStartup.java:117)
	at de.uni.bamberg.wiai.minf.forflow.datagenerator.controller.ControllerImpl.loadStartupFile(ControllerImpl.java:279)
	at de.uni.bamberg.wiai.minf.forflow.datagenerator.DataGenerator.initialize(DataGenerator.java:96)
	at org.jdesktop.application.Application$1.run(Application.java:170)
	... 8 more
Jun 21, 2009 12:14:49 PM de.uni.bamberg.wiai.minf.forflow.datagenerator.controller.worker.LogWorker doInBackground
INFO: null
java.lang.Error: Application class de.uni.bamberg.wiai.minf.forflow.datagenerator.DataGenerator failed to launch
	at org.jdesktop.application.Application$1.run(Application.java:177)
	at java.awt.event.InvocationEvent.dispatch(Unknown Source)
	at java.awt.EventQueue.dispatchEvent(Unknown Source)
	at java.awt.EventDispatchThread.pumpOneEventForFilters(Unknown Source)
	at java.awt.EventDispatchThread.pumpEventsForFilter(Unknown Source)
	at java.awt.EventDispatchThread.pumpEventsForHierarchy(Unknown Source)
	at java.awt.EventDispatchThread.pumpEvents(Unknown Source)
	at java.awt.EventDispatchThread.pumpEvents(Unknown Source)
	at java.awt.EventDispatchThread.run(Unknown Source)
Caused by: java.lang.NullPointerException
	at de.uni.bamberg.wiai.minf.forflow.datagenerator.model.ModelImpl.hasArtefactType(ModelImpl.java:348)
	at de.uni.bamberg.wiai.minf.forflow.datagenerator.model.ModelImpl.addArtefactType(ModelImpl.java:156)
	at de.uni.bamberg.wiai.minf.forflow.datagenerator.controller.ControllerImpl.addArtefactType(ControllerImpl.java:559)
	at de.uni.bamberg.wiai.minf.forflow.datagenerator.controller.ControllerImpl.parsedArtefactTypes(ControllerImpl.java:702)
	at de.uni.bamberg.wiai.minf.forflow.datagenerator.controller.io.XMLStartup.loadStartUp(XMLStartup.java:117)
	at de.uni.bamberg.wiai.minf.forflow.datagenerator.controller.ControllerImpl.loadStartupFile(ControllerImpl.java:279)
	at de.uni.bamberg.wiai.minf.forflow.datagenerator.DataGenerator.initialize(DataGenerator.java:96)
	at org.jdesktop.application.Application$1.run(Application.java:170)
	... 8 more
Jun 21, 2009 12:16:03 PM de.uni.bamberg.wiai.minf.forflow.datagenerator.controller.worker.LogWorker doInBackground
INFO: null
java.lang.Error: Application class de.uni.bamberg.wiai.minf.forflow.datagenerator.DataGenerator failed to launch
	at org.jdesktop.application.Application$1.run(Application.java:177)
	at java.awt.event.InvocationEvent.dispatch(Unknown Source)
	at java.awt.EventQueue.dispatchEvent(Unknown Source)
	at java.awt.EventDispatchThread.pumpOneEventForFilters(Unknown Source)
	at java.awt.EventDispatchThread.pumpEventsForFilter(Unknown Source)
	at java.awt.EventDispatchThread.pumpEventsForHierarchy(Unknown Source)
	at java.awt.EventDispatchThread.pumpEvents(Unknown Source)
	at java.awt.EventDispatchThread.pumpEvents(Unknown Source)
	at java.awt.EventDispatchThread.run(Unknown Source)
Caused by: java.lang.NullPointerException
	at de.uni.bamberg.wiai.minf.forflow.datagenerator.model.ModelImpl.hasArtefactType(ModelImpl.java:348)
	at de.uni.bamberg.wiai.minf.forflow.datagenerator.model.ModelImpl.addArtefactType(ModelImpl.java:156)
	at de.uni.bamberg.wiai.minf.forflow.datagenerator.controller.ControllerImpl.addArtefactType(ControllerImpl.java:559)
	at de.uni.bamberg.wiai.minf.forflow.datagenerator.controller.ControllerImpl.parsedArtefactTypes(ControllerImpl.java:702)
	at de.uni.bamberg.wiai.minf.forflow.datagenerator.controller.io.XMLStartup.loadStartUp(XMLStartup.java:117)
	at de.uni.bamberg.wiai.minf.forflow.datagenerator.controller.ControllerImpl.loadStartupFile(ControllerImpl.java:279)
	at de.uni.bamberg.wiai.minf.forflow.datagenerator.DataGenerator.initialize(DataGenerator.java:96)
	at org.jdesktop.application.Application$1.run(Application.java:170)
	... 8 more
Jun 21, 2009 12:17:15 PM de.uni.bamberg.wiai.minf.forflow.datagenerator.controller.worker.LogWorker doInBackground
INFO: null
java.lang.Error: Application class de.uni.bamberg.wiai.minf.forflow.datagenerator.DataGenerator failed to launch
	at org.jdesktop.application.Application$1.run(Application.java:177)
	at java.awt.event.InvocationEvent.dispatch(Unknown Source)
	at java.awt.EventQueue.dispatchEvent(Unknown Source)
	at java.awt.EventDispatchThread.pumpOneEventForFilters(Unknown Source)
	at java.awt.EventDispatchThread.pumpEventsForFilter(Unknown Source)
	at java.awt.EventDispatchThread.pumpEventsForHierarchy(Unknown Source)
	at java.awt.EventDispatchThread.pumpEvents(Unknown Source)
	at java.awt.EventDispatchThread.pumpEvents(Unknown Source)
	at java.awt.EventDispatchThread.run(Unknown Source)
Caused by: java.lang.NullPointerException
	at de.uni.bamberg.wiai.minf.forflow.datagenerator.model.ModelImpl.hasArtefactType(ModelImpl.java:348)
	at de.uni.bamberg.wiai.minf.forflow.datagenerator.model.ModelImpl.addArtefactType(ModelImpl.java:156)
	at de.uni.bamberg.wiai.minf.forflow.datagenerator.controller.ControllerImpl.addArtefactType(ControllerImpl.java:559)
	at de.uni.bamberg.wiai.minf.forflow.datagenerator.controller.ControllerImpl.parsedArtefactTypes(ControllerImpl.java:702)
	at de.uni.bamberg.wiai.minf.forflow.datagenerator.controller.io.XMLStartup.loadStartUp(XMLStartup.java:117)
	at de.uni.bamberg.wiai.minf.forflow.datagenerator.controller.ControllerImpl.loadStartupFile(ControllerImpl.java:279)
	at de.uni.bamberg.wiai.minf.forflow.datagenerator.DataGenerator.initialize(DataGenerator.java:96)
	at org.jdesktop.application.Application$1.run(Application.java:170)
	... 8 more
Jun 21, 2009 12:18:01 PM de.uni.bamberg.wiai.minf.forflow.datagenerator.controller.worker.LogWorker doInBackground
INFO: null
java.lang.Error: Application class de.uni.bamberg.wiai.minf.forflow.datagenerator.DataGenerator failed to launch
	at org.jdesktop.application.Application$1.run(Application.java:177)
	at java.awt.event.InvocationEvent.dispatch(Unknown Source)
	at java.awt.EventQueue.dispatchEvent(Unknown Source)
	at java.awt.EventDispatchThread.pumpOneEventForFilters(Unknown Source)
	at java.awt.EventDispatchThread.pumpEventsForFilter(Unknown Source)
	at java.awt.EventDispatchThread.pumpEventsForHierarchy(Unknown Source)
	at java.awt.EventDispatchThread.pumpEvents(Unknown Source)
	at java.awt.EventDispatchThread.pumpEvents(Unknown Source)
	at java.awt.EventDispatchThread.run(Unknown Source)
Caused by: java.lang.NullPointerException
	at de.uni.bamberg.wiai.minf.forflow.datagenerator.model.ModelImpl.hasArtefactType(ModelImpl.java:348)
	at de.uni.bamberg.wiai.minf.forflow.datagenerator.model.ModelImpl.addArtefactType(ModelImpl.java:156)
	at de.uni.bamberg.wiai.minf.forflow.datagenerator.controller.ControllerImpl.addArtefactType(ControllerImpl.java:559)
	at de.uni.bamberg.wiai.minf.forflow.datagenerator.controller.ControllerImpl.parsedArtefactTypes(ControllerImpl.java:702)
	at de.uni.bamberg.wiai.minf.forflow.datagenerator.controller.io.XMLStartup.loadStartUp(XMLStartup.java:117)
	at de.uni.bamberg.wiai.minf.forflow.datagenerator.controller.ControllerImpl.loadStartupFile(ControllerImpl.java:279)
	at de.uni.bamberg.wiai.minf.forflow.datagenerator.DataGenerator.initialize(DataGenerator.java:96)
	at org.jdesktop.application.Application$1.run(Application.java:170)
	... 8 more
Jun 21, 2009 12:19:17 PM de.uni.bamberg.wiai.minf.forflow.datagenerator.controller.worker.LogWorker doInBackground
INFO: null
java.lang.Error: Application class de.uni.bamberg.wiai.minf.forflow.datagenerator.DataGenerator failed to launch
	at org.jdesktop.application.Application$1.run(Application.java:177)
	at java.awt.event.InvocationEvent.dispatch(Unknown Source)
	at java.awt.EventQueue.dispatchEvent(Unknown Source)
	at java.awt.EventDispatchThread.pumpOneEventForFilters(Unknown Source)
	at java.awt.EventDispatchThread.pumpEventsForFilter(Unknown Source)
	at java.awt.EventDispatchThread.pumpEventsForHierarchy(Unknown Source)
	at java.awt.EventDispatchThread.pumpEvents(Unknown Source)
	at java.awt.EventDispatchThread.pumpEvents(Unknown Source)
	at java.awt.EventDispatchThread.run(Unknown Source)
Caused by: java.util.NoSuchElementException
	at java.util.AbstractList$Itr.next(Unknown Source)
	at de.uni.bamberg.wiai.minf.forflow.datagenerator.controller.ControllerImpl.parsedArtefactTypes(ControllerImpl.java:702)
	at de.uni.bamberg.wiai.minf.forflow.datagenerator.controller.io.XMLStartup.loadStartUp(XMLStartup.java:117)
	at de.uni.bamberg.wiai.minf.forflow.datagenerator.controller.ControllerImpl.loadStartupFile(ControllerImpl.java:279)
	at de.uni.bamberg.wiai.minf.forflow.datagenerator.DataGenerator.initialize(DataGenerator.java:96)
	at org.jdesktop.application.Application$1.run(Application.java:170)
	... 8 more
Jun 21, 2009 12:20:53 PM de.uni.bamberg.wiai.minf.forflow.datagenerator.controller.worker.LogWorker doInBackground
INFO: null
java.lang.Error: Application class de.uni.bamberg.wiai.minf.forflow.datagenerator.DataGenerator failed to launch
	at org.jdesktop.application.Application$1.run(Application.java:177)
	at java.awt.event.InvocationEvent.dispatch(Unknown Source)
	at java.awt.EventQueue.dispatchEvent(Unknown Source)
	at java.awt.EventDispatchThread.pumpOneEventForFilters(Unknown Source)
	at java.awt.EventDispatchThread.pumpEventsForFilter(Unknown Source)
	at java.awt.EventDispatchThread.pumpEventsForHierarchy(Unknown Source)
	at java.awt.EventDispatchThread.pumpEvents(Unknown Source)
	at java.awt.EventDispatchThread.pumpEvents(Unknown Source)
	at java.awt.EventDispatchThread.run(Unknown Source)
Caused by: java.util.NoSuchElementException
	at java.util.AbstractList$Itr.next(Unknown Source)
	at de.uni.bamberg.wiai.minf.forflow.datagenerator.controller.ControllerImpl.parsedArtefactTypes(ControllerImpl.java:702)
	at de.uni.bamberg.wiai.minf.forflow.datagenerator.controller.io.XMLStartup.loadStartUp(XMLStartup.java:117)
	at de.uni.bamberg.wiai.minf.forflow.datagenerator.controller.ControllerImpl.loadStartupFile(ControllerImpl.java:279)
	at de.uni.bamberg.wiai.minf.forflow.datagenerator.DataGenerator.initialize(DataGenerator.java:96)
	at org.jdesktop.application.Application$1.run(Application.java:170)
	... 8 more
Jun 21, 2009 12:46:41 PM de.uni.bamberg.wiai.minf.forflow.datagenerator.controller.worker.LogWorker doInBackground
INFO: null
java.lang.IndexOutOfBoundsException: Index: 4, Size: 3
	at java.util.ArrayList.RangeCheck(Unknown Source)
	at java.util.ArrayList.get(Unknown Source)
	at de.uni.bamberg.wiai.minf.forflow.datagenerator.view.DataGeneratorView.isProbabilityAlreadySet(DataGeneratorView.java:3329)
	at de.uni.bamberg.wiai.minf.forflow.datagenerator.view.DataGeneratorView$16.stateChanged(DataGeneratorView.java:799)
	at javax.swing.JTabbedPane.fireStateChanged(Unknown Source)
	at javax.swing.JTabbedPane$ModelListener.stateChanged(Unknown Source)
	at javax.swing.DefaultSingleSelectionModel.fireStateChanged(Unknown Source)
	at javax.swing.DefaultSingleSelectionModel.setSelectedIndex(Unknown Source)
	at javax.swing.JTabbedPane.setSelectedIndexImpl(Unknown Source)
	at javax.swing.JTabbedPane.setSelectedIndex(Unknown Source)
	at javax.swing.JTabbedPane.setSelectedComponent(Unknown Source)
	at de.uni.bamberg.wiai.minf.forflow.datagenerator.view.DataGeneratorView.loadDynamicPanel(DataGeneratorView.java:3502)
	at de.uni.bamberg.wiai.minf.forflow.datagenerator.view.DataGeneratorView.access$4(DataGeneratorView.java:3446)
	at de.uni.bamberg.wiai.minf.forflow.datagenerator.view.DataGeneratorView$4.valueChanged(DataGeneratorView.java:448)
	at javax.swing.DefaultListSelectionModel.fireValueChanged(Unknown Source)
	at javax.swing.DefaultListSelectionModel.fireValueChanged(Unknown Source)
	at javax.swing.DefaultListSelectionModel.fireValueChanged(Unknown Source)
	at javax.swing.DefaultListSelectionModel.changeSelection(Unknown Source)
	at javax.swing.DefaultListSelectionModel.changeSelection(Unknown Source)
	at javax.swing.DefaultListSelectionModel.setSelectionInterval(Unknown Source)
	at javax.swing.JTable.changeSelectionModel(Unknown Source)
	at javax.swing.JTable.changeSelection(Unknown Source)
	at javax.swing.plaf.basic.BasicTableUI$Handler.adjustSelection(Unknown Source)
	at javax.swing.plaf.basic.BasicTableUI$Handler.mousePressed(Unknown Source)
	at java.awt.AWTEventMulticaster.mousePressed(Unknown Source)
	at java.awt.Component.processMouseEvent(Unknown Source)
	at javax.swing.JComponent.processMouseEvent(Unknown Source)
	at java.awt.Component.processEvent(Unknown Source)
	at java.awt.Container.processEvent(Unknown Source)
	at java.awt.Component.dispatchEventImpl(Unknown Source)
	at java.awt.Container.dispatchEventImpl(Unknown Source)
	at java.awt.Component.dispatchEvent(Unknown Source)
	at java.awt.LightweightDispatcher.retargetMouseEvent(Unknown Source)
	at java.awt.LightweightDispatcher.processMouseEvent(Unknown Source)
	at java.awt.LightweightDispatcher.dispatchEvent(Unknown Source)
	at java.awt.Container.dispatchEventImpl(Unknown Source)
	at java.awt.Window.dispatchEventImpl(Unknown Source)
	at java.awt.Component.dispatchEvent(Unknown Source)
	at java.awt.EventQueue.dispatchEvent(Unknown Source)
	at java.awt.EventDispatchThread.pumpOneEventForFilters(Unknown Source)
	at java.awt.EventDispatchThread.pumpEventsForFilter(Unknown Source)
	at java.awt.EventDispatchThread.pumpEventsForHierarchy(Unknown Source)
	at java.awt.EventDispatchThread.pumpEvents(Unknown Source)
	at java.awt.EventDispatchThread.pumpEvents(Unknown Source)
	at java.awt.EventDispatchThread.run(Unknown Source)
Jun 21, 2009 12:55:28 PM de.uni.bamberg.wiai.minf.forflow.datagenerator.controller.worker.LogWorker doInBackground
INFO: null
java.lang.ClassCastException: java.lang.String cannot be cast to de.uni.bamberg.wiai.minf.forflow.datagenerator.controller.datageneration.filltype.FillBehaviour
	at de.uni.bamberg.wiai.minf.forflow.datagenerator.view.DataGeneratorView$CustomizedTableModel.setValueAt(DataGeneratorView.java:4323)
	at javax.swing.JTable.setValueAt(Unknown Source)
	at javax.swing.JTable.editingStopped(Unknown Source)
	at javax.swing.AbstractCellEditor.fireEditingStopped(Unknown Source)
	at javax.swing.DefaultCellEditor$EditorDelegate.stopCellEditing(Unknown Source)
	at javax.swing.DefaultCellEditor.stopCellEditing(Unknown Source)
	at javax.swing.JTable$GenericEditor.stopCellEditing(Unknown Source)
	at javax.swing.plaf.basic.BasicTableUI$Handler.mousePressed(Unknown Source)
	at java.awt.AWTEventMulticaster.mousePressed(Unknown Source)
	at java.awt.Component.processMouseEvent(Unknown Source)
	at javax.swing.JComponent.processMouseEvent(Unknown Source)
	at java.awt.Component.processEvent(Unknown Source)
	at java.awt.Container.processEvent(Unknown Source)
	at java.awt.Component.dispatchEventImpl(Unknown Source)
	at java.awt.Container.dispatchEventImpl(Unknown Source)
	at java.awt.Component.dispatchEvent(Unknown Source)
	at java.awt.LightweightDispatcher.retargetMouseEvent(Unknown Source)
	at java.awt.LightweightDispatcher.processMouseEvent(Unknown Source)
	at java.awt.LightweightDispatcher.dispatchEvent(Unknown Source)
	at java.awt.Container.dispatchEventImpl(Unknown Source)
	at java.awt.Window.dispatchEventImpl(Unknown Source)
	at java.awt.Component.dispatchEvent(Unknown Source)
	at java.awt.EventQueue.dispatchEvent(Unknown Source)
	at java.awt.EventDispatchThread.pumpOneEventForFilters(Unknown Source)
	at java.awt.EventDispatchThread.pumpEventsForFilter(Unknown Source)
	at java.awt.EventDispatchThread.pumpEventsForHierarchy(Unknown Source)
	at java.awt.EventDispatchThread.pumpEvents(Unknown Source)
	at java.awt.EventDispatchThread.pumpEvents(Unknown Source)
	at java.awt.EventDispatchThread.run(Unknown Source)
Jun 21, 2009 12:55:30 PM de.uni.bamberg.wiai.minf.forflow.datagenerator.controller.worker.LogWorker doInBackground
INFO: null
java.lang.ClassCastException: java.lang.String cannot be cast to de.uni.bamberg.wiai.minf.forflow.datagenerator.controller.datageneration.filltype.FillBehaviour
	at de.uni.bamberg.wiai.minf.forflow.datagenerator.view.DataGeneratorView$CustomizedTableModel.setValueAt(DataGeneratorView.java:4323)
	at javax.swing.JTable.setValueAt(Unknown Source)
	at javax.swing.JTable.editingStopped(Unknown Source)
	at javax.swing.AbstractCellEditor.fireEditingStopped(Unknown Source)
	at javax.swing.DefaultCellEditor$EditorDelegate.stopCellEditing(Unknown Source)
	at javax.swing.DefaultCellEditor.stopCellEditing(Unknown Source)
	at javax.swing.JTable$GenericEditor.stopCellEditing(Unknown Source)
	at javax.swing.plaf.basic.BasicTableUI$Handler.mousePressed(Unknown Source)
	at java.awt.AWTEventMulticaster.mousePressed(Unknown Source)
	at java.awt.Component.processMouseEvent(Unknown Source)
	at javax.swing.JComponent.processMouseEvent(Unknown Source)
	at java.awt.Component.processEvent(Unknown Source)
	at java.awt.Container.processEvent(Unknown Source)
	at java.awt.Component.dispatchEventImpl(Unknown Source)
	at java.awt.Container.dispatchEventImpl(Unknown Source)
	at java.awt.Component.dispatchEvent(Unknown Source)
	at java.awt.LightweightDispatcher.retargetMouseEvent(Unknown Source)
	at java.awt.LightweightDispatcher.processMouseEvent(Unknown Source)
	at java.awt.LightweightDispatcher.dispatchEvent(Unknown Source)
	at java.awt.Container.dispatchEventImpl(Unknown Source)
	at java.awt.Window.dispatchEventImpl(Unknown Source)
	at java.awt.Component.dispatchEvent(Unknown Source)
	at java.awt.EventQueue.dispatchEvent(Unknown Source)
	at java.awt.EventDispatchThread.pumpOneEventForFilters(Unknown Source)
	at java.awt.EventDispatchThread.pumpEventsForFilter(Unknown Source)
	at java.awt.EventDispatchThread.pumpEventsForHierarchy(Unknown Source)
	at java.awt.EventDispatchThread.pumpEvents(Unknown Source)
	at java.awt.EventDispatchThread.pumpEvents(Unknown Source)
	at java.awt.EventDispatchThread.run(Unknown Source)
Jun 21, 2009 3:19:44 PM de.uni.bamberg.wiai.minf.forflow.datagenerator.controller.worker.LogWorker doInBackground
INFO: null
java.lang.Error: Application class de.uni.bamberg.wiai.minf.forflow.datagenerator.DataGenerator failed to launch
	at org.jdesktop.application.Application$1.run(Application.java:177)
	at java.awt.event.InvocationEvent.dispatch(Unknown Source)
	at java.awt.EventQueue.dispatchEvent(Unknown Source)
	at java.awt.EventDispatchThread.pumpOneEventForFilters(Unknown Source)
	at java.awt.EventDispatchThread.pumpEventsForFilter(Unknown Source)
	at java.awt.EventDispatchThread.pumpEventsForHierarchy(Unknown Source)
	at java.awt.EventDispatchThread.pumpEvents(Unknown Source)
	at java.awt.EventDispatchThread.pumpEvents(Unknown Source)
	at java.awt.EventDispatchThread.run(Unknown Source)
Caused by: java.lang.NullPointerException
	at de.uni.bamberg.wiai.minf.forflow.datagenerator.view.DataGeneratorActions.updateUnit(DataGeneratorActions.java:475)
	at de.uni.bamberg.wiai.minf.forflow.datagenerator.view.DataGeneratorView.updateUnit(DataGeneratorView.java:3221)
	at de.uni.bamberg.wiai.minf.forflow.datagenerator.controller.datageneration.unit.Currency.notifyObserverUnit(Currency.java:132)
	at de.uni.bamberg.wiai.minf.forflow.datagenerator.controller.datageneration.unit.Currency.registerObserverUnit(Currency.java:147)
	at de.uni.bamberg.wiai.minf.forflow.datagenerator.controller.ControllerImpl.registerObserverUnit(ControllerImpl.java:879)
	at de.uni.bamberg.wiai.minf.forflow.datagenerator.view.DataGeneratorView.registerObservers(DataGeneratorView.java:830)
	at de.uni.bamberg.wiai.minf.forflow.datagenerator.view.DataGeneratorView.<init>(DataGeneratorView.java:205)
	at de.uni.bamberg.wiai.minf.forflow.datagenerator.DataGenerator.startup(DataGenerator.java:107)
	at org.jdesktop.application.Application$1.run(Application.java:171)
	... 8 more
Jun 21, 2009 3:19:46 PM de.uni.bamberg.wiai.minf.forflow.datagenerator.controller.worker.LogWorker doInBackground
INFO: null
java.lang.Error: Application class de.uni.bamberg.wiai.minf.forflow.datagenerator.DataGenerator failed to launch
	at org.jdesktop.application.Application$1.run(Application.java:177)
	at java.awt.event.InvocationEvent.dispatch(Unknown Source)
	at java.awt.EventQueue.dispatchEvent(Unknown Source)
	at java.awt.EventDispatchThread.pumpOneEventForFilters(Unknown Source)
	at java.awt.EventDispatchThread.pumpEventsForFilter(Unknown Source)
	at java.awt.EventDispatchThread.pumpEventsForHierarchy(Unknown Source)
	at java.awt.EventDispatchThread.pumpEvents(Unknown Source)
	at java.awt.EventDispatchThread.pumpEvents(Unknown Source)
	at java.awt.EventDispatchThread.run(Unknown Source)
Caused by: java.lang.NullPointerException
	at de.uni.bamberg.wiai.minf.forflow.datagenerator.view.DataGeneratorActions.updateUnit(DataGeneratorActions.java:475)
	at de.uni.bamberg.wiai.minf.forflow.datagenerator.view.DataGeneratorView.updateUnit(DataGeneratorView.java:3221)
	at de.uni.bamberg.wiai.minf.forflow.datagenerator.controller.datageneration.unit.Currency.notifyObserverUnit(Currency.java:132)
	at de.uni.bamberg.wiai.minf.forflow.datagenerator.controller.datageneration.unit.Currency.registerObserverUnit(Currency.java:147)
	at de.uni.bamberg.wiai.minf.forflow.datagenerator.controller.ControllerImpl.registerObserverUnit(ControllerImpl.java:879)
	at de.uni.bamberg.wiai.minf.forflow.datagenerator.view.DataGeneratorView.registerObservers(DataGeneratorView.java:830)
	at de.uni.bamberg.wiai.minf.forflow.datagenerator.view.DataGeneratorView.<init>(DataGeneratorView.java:205)
	at de.uni.bamberg.wiai.minf.forflow.datagenerator.DataGenerator.startup(DataGenerator.java:107)
	at org.jdesktop.application.Application$1.run(Application.java:171)
	... 8 more
